2025-11-11T00:47:51.490+07:00  INFO 8064 --- [user-service] [main] com.ecommerce.user.UserApplication       : Starting UserApplication using Java 25 with PID 8064 (D:\ecom-microservices\user\target\classes started by Admin in D:\ecom-microservices)
2025-11-11T00:47:51.491+07:00 DEBUG 8064 --- [user-service] [main] com.ecommerce.user.UserApplication       : Running with Spring Boot v3.5.6, Spring v6.2.11
2025-11-11T00:47:51.492+07:00  INFO 8064 --- [user-service] [main] com.ecommerce.user.UserApplication       : No active profile set, falling back to 1 default profile: "default"
2025-11-11T00:47:51.549+07:00  INFO 8064 --- [user-service] [main] o.s.c.c.c.ConfigServerConfigDataLoader   : Fetching config from server at : http://localhost:8888
2025-11-11T00:47:51.550+07:00  INFO 8064 --- [user-service] [main] o.s.c.c.c.ConfigServerConfigDataLoader   : Exception on Url - http://localhost:8888:org.springframework.web.client.ResourceAccessException: I/O error on GET request for "http://localhost:8888/user-service/default": Connection refused: getsockopt. Will be trying the next url if available
2025-11-11T00:47:51.550+07:00  WARN 8064 --- [user-service] [main] o.s.c.c.c.ConfigServerConfigDataLoader   : Could not locate PropertySource ([ConfigServerConfigDataResource@12f3afb5 uris = array<String>['http://localhost:8888'], optional = true, profiles = 'default']): I/O error on GET request for "http://localhost:8888/user-service/default": Connection refused: getsockopt
2025-11-11T00:47:51.550+07:00  INFO 8064 --- [user-service] [main] o.s.c.c.c.ConfigServerConfigDataLoader   : Fetching config from server at : http://localhost:8888
2025-11-11T00:47:51.550+07:00  INFO 8064 --- [user-service] [main] o.s.c.c.c.ConfigServerConfigDataLoader   : Exception on Url - http://localhost:8888:org.springframework.web.client.ResourceAccessException: I/O error on GET request for "http://localhost:8888/user-service/default": Connection refused: getsockopt. Will be trying the next url if available
2025-11-11T00:47:51.550+07:00  WARN 8064 --- [user-service] [main] o.s.c.c.c.ConfigServerConfigDataLoader   : Could not locate PropertySource ([ConfigServerConfigDataResource@50d68830 uris = array<String>['http://localhost:8888'], optional = true, profiles = 'default']): I/O error on GET request for "http://localhost:8888/user-service/default": Connection refused: getsockopt
2025-11-11T00:47:51.551+07:00  INFO 8064 --- [user-service] [main] o.s.c.c.c.ConfigServerConfigDataLoader   : Fetching config from server at : http://localhost:8888
2025-11-11T00:47:51.551+07:00  INFO 8064 --- [user-service] [main] o.s.c.c.c.ConfigServerConfigDataLoader   : Exception on Url - http://localhost:8888:org.springframework.web.client.ResourceAccessException: I/O error on GET request for "http://localhost:8888/user-service/default": Connection refused: getsockopt. Will be trying the next url if available
2025-11-11T00:47:51.551+07:00  WARN 8064 --- [user-service] [main] o.s.c.c.c.ConfigServerConfigDataLoader   : Could not locate PropertySource ([ConfigServerConfigDataResource@1e53135d uris = array<String>['http://localhost:8888'], optional = true, profiles = 'default']): I/O error on GET request for "http://localhost:8888/user-service/default": Connection refused: getsockopt
2025-11-11T00:47:52.760+07:00  INFO 8064 --- [user-service] [main] .s.d.r.c.RepositoryConfigurationDelegate : Bootstrapping Spring Data MongoDB repositories in DEFAULT mode.
2025-11-11T00:47:52.941+07:00  INFO 8064 --- [user-service] [main] .s.d.r.c.RepositoryConfigurationDelegate : Finished Spring Data repository scanning in 170 ms. Found 1 MongoDB repository interface.
2025-11-11T00:47:53.289+07:00  INFO 8064 --- [user-service] [main] faultConfiguringBeanFactoryPostProcessor : No bean named 'errorChannel' has been explicitly defined. Therefore, a default PublishSubscribeChannel will be created.
2025-11-11T00:47:53.299+07:00  INFO 8064 --- [user-service] [main] faultConfiguringBeanFactoryPostProcessor : No bean named 'integrationHeaderChannelRegistry' has been explicitly defined. Therefore, a default DefaultHeaderChannelRegistry will be created.
2025-11-11T00:47:53.422+07:00  INFO 8064 --- [user-service] [main] o.s.cloud.context.scope.GenericScope     : BeanFactory id=1bb59d17-d9ac-31be-9329-1440b5a72847
2025-11-11T00:47:54.094+07:00  INFO 8064 --- [user-service] [main] o.s.b.w.embedded.tomcat.TomcatWebServer  : Tomcat initialized with port 8080 (http)
2025-11-11T00:47:54.111+07:00  INFO 8064 --- [user-service] [main] o.apache.catalina.core.StandardService   : Starting service [Tomcat]
2025-11-11T00:47:54.111+07:00  INFO 8064 --- [user-service] [main] o.apache.catalina.core.StandardEngine    : Starting Servlet engine: [Apache Tomcat/10.1.46]
2025-11-11T00:47:54.185+07:00  INFO 8064 --- [user-service] [main] o.a.c.c.C.[Tomcat].[localhost].[/]       : Initializing Spring embedded WebApplicationContext
2025-11-11T00:47:54.186+07:00  INFO 8064 --- [user-service] [main] w.s.c.ServletWebServerApplicationContext : Root WebApplicationContext: initialization completed in 2633 ms
2025-11-11T00:47:54.787+07:00  INFO 8064 --- [user-service] [main] org.mongodb.driver.client                : MongoClient with metadata {"driver": {"name": "mongo-java-driver|sync|spring-boot", "version": "5.5.1"}, "os": {"type": "Windows", "name": "Windows 11", "architecture": "amd64", "version": "10.0"}, "platform": "Java/Oracle Corporation/25+37-LTS-3491"} created with settings MongoClientSettings{readPreference=primary, writeConcern=WriteConcern{w=null, wTimeout=null ms, journal=null}, retryWrites=true, retryReads=true, readConcern=ReadConcern{level=null}, credential=null, transportSettings=null, commandListeners=[io.micrometer.core.instrument.binder.mongodb.MongoMetricsCommandListener@5a537a16], codecRegistry=ProvidersCodecRegistry{codecProviders=[ValueCodecProvider{}, BsonValueCodecProvider{}, DBRefCodecProvider{}, DBObjectCodecProvider{}, DocumentCodecProvider{}, CollectionCodecProvider{}, IterableCodecProvider{}, MapCodecProvider{}, GeoJsonCodecProvider{}, GridFSFileCodecProvider{}, Jsr310CodecProvider{}, JsonObjectCodecProvider{}, BsonCodecProvider{}, EnumCodecProvider{}, com.mongodb.client.model.mql.ExpressionCodecProvider@72288480, com.mongodb.Jep395RecordCodecProvider@4ea43d4d, com.mongodb.KotlinCodecProvider@6f22c1f1]}, loggerSettings=LoggerSettings{maxDocumentLength=1000}, clusterSettings={hosts=[localhost:27017], srvServiceName=mongodb, mode=SINGLE, requiredClusterType=UNKNOWN, requiredReplicaSetName='null', serverSelector='null', clusterListeners='[]', serverSelectionTimeout='30000 ms', localThreshold='15 ms'}, socketSettings=SocketSettings{connectTimeoutMS=10000, readTimeoutMS=0, receiveBufferSize=0, proxySettings=ProxySettings{host=null, port=null, username=null, password=null}}, heartbeatSocketSettings=SocketSettings{connectTimeoutMS=10000, readTimeoutMS=10000, receiveBufferSize=0, proxySettings=ProxySettings{host=null, port=null, username=null, password=null}}, connectionPoolSettings=ConnectionPoolSettings{maxSize=100, minSize=0, maxWaitTimeMS=120000, maxConnectionLifeTimeMS=0, maxConnectionIdleTimeMS=0, maintenanceInitialDelayMS=0, maintenanceFrequencyMS=60000, connectionPoolListeners=[io.micrometer.core.instrument.binder.mongodb.MongoMetricsConnectionPoolListener@2ee095c9], maxConnecting=2}, serverSettings=ServerSettings{heartbeatFrequencyMS=10000, minHeartbeatFrequencyMS=500, serverMonitoringMode=AUTO, serverListeners='[]', serverMonitorListeners='[]'}, sslSettings=SslSettings{enabled=false, invalidHostNameAllowed=false, context=null}, applicationName='null', compressorList=[], uuidRepresentation=JAVA_LEGACY, serverApi=null, autoEncryptionSettings=null, dnsClient=null, inetAddressResolver=null, contextProvider=null, timeoutMS=null}
2025-11-11T00:47:54.805+07:00  INFO 8064 --- [user-service] [cluster-ClusterId{value='6912254a81540deeaa14aec5', description='null'}-localhost:27017] org.mongodb.driver.cluster               : Monitor thread successfully connected to server with description ServerDescription{address=localhost:27017, type=STANDALONE, cryptd=false, state=CONNECTED, ok=true, minWireVersion=0, maxWireVersion=27, maxDocumentSize=16777216, logicalSessionTimeoutMinutes=30, roundTripTimeNanos=23374600, minRoundTripTimeNanos=0}
2025-11-11T00:47:56.181+07:00  INFO 8064 --- [user-service] [main] o.s.cloud.commons.util.InetUtils         : Cannot determine local hostname
2025-11-11T00:47:57.958+07:00  INFO 8064 --- [user-service] [main] o.s.cloud.commons.util.InetUtils         : Cannot determine local hostname
2025-11-11T00:47:58.061+07:00  WARN 8064 --- [user-service] [main] c.f.c.c.BeanFactoryAwareFunctionRegistry : Failed to locate function 'busConsumer' for function definition 'busConsumer'. Returning null.
2025-11-11T00:47:58.158+07:00  INFO 8064 --- [user-service] [main] o.s.c.s.m.DirectWithAttributesChannel    : Channel 'user-service.springCloudBusInput' has 1 subscriber(s).
2025-11-11T00:47:59.396+07:00  INFO 8064 --- [user-service] [main] o.s.cloud.commons.util.InetUtils         : Cannot determine local hostname
2025-11-11T00:47:59.407+07:00  INFO 8064 --- [user-service] [main] DiscoveryClientOptionalArgsConfiguration : Eureka HTTP Client uses RestTemplate.
2025-11-11T00:47:59.454+07:00  WARN 8064 --- [user-service] [main] iguration$LoadBalancerCaffeineWarnLogger : Spring Cloud LoadBalancer is currently working with the default cache. While this cache implementation is useful for development and tests, it's recommended to use Caffeine cache in production.You can switch to using Caffeine cache, by adding it and org.springframework.cache.caffeine.CaffeineCacheManager to the classpath.
2025-11-11T00:47:59.463+07:00  INFO 8064 --- [user-service] [main] o.s.b.a.e.web.EndpointLinksResolver      : Exposing 1 endpoint beneath base path '/actuator'
2025-11-11T00:47:59.551+07:00  INFO 8064 --- [user-service] [main] o.s.i.endpoint.EventDrivenConsumer       : Adding {logging-channel-adapter:_org.springframework.integration.errorLogger} as a subscriber to the 'errorChannel' channel
2025-11-11T00:47:59.551+07:00  INFO 8064 --- [user-service] [main] o.s.i.channel.PublishSubscribeChannel    : Channel 'user-service.errorChannel' has 1 subscriber(s).
2025-11-11T00:47:59.551+07:00  INFO 8064 --- [user-service] [main] o.s.i.endpoint.EventDrivenConsumer       : started bean '_org.springframework.integration.errorLogger'
2025-11-11T00:47:59.638+07:00  INFO 8064 --- [user-service] [main] o.s.c.n.eureka.InstanceInfoFactory       : Setting initial instance status as: STARTING
2025-11-11T00:47:59.669+07:00  INFO 8064 --- [user-service] [main] com.netflix.discovery.DiscoveryClient    : Initializing Eureka in region us-east-1
2025-11-11T00:47:59.674+07:00  INFO 8064 --- [user-service] [main] c.n.d.s.r.aws.ConfigClusterResolver      : Resolving eureka endpoints via configuration
2025-11-11T00:47:59.684+07:00  INFO 8064 --- [user-service] [main] com.netflix.discovery.DiscoveryClient    : Disable delta property : false
2025-11-11T00:47:59.685+07:00  INFO 8064 --- [user-service] [main] com.netflix.discovery.DiscoveryClient    : Single vip registry refresh property : null
2025-11-11T00:47:59.685+07:00  INFO 8064 --- [user-service] [main] com.netflix.discovery.DiscoveryClient    : Force full registry fetch : false
2025-11-11T00:47:59.685+07:00  INFO 8064 --- [user-service] [main] com.netflix.discovery.DiscoveryClient    : Application is null : false
2025-11-11T00:47:59.685+07:00  INFO 8064 --- [user-service] [main] com.netflix.discovery.DiscoveryClient    : Registered Applications size is zero : true
2025-11-11T00:47:59.685+07:00  INFO 8064 --- [user-service] [main] com.netflix.discovery.DiscoveryClient    : Application version is -1: true
2025-11-11T00:47:59.686+07:00  INFO 8064 --- [user-service] [main] com.netflix.discovery.DiscoveryClient    : Getting all instance registry info from the eureka server
2025-11-11T00:47:59.958+07:00  INFO 8064 --- [user-service] [main] com.netflix.discovery.DiscoveryClient    : The response status is 200
2025-11-11T00:47:59.960+07:00  INFO 8064 --- [user-service] [main] com.netflix.discovery.DiscoveryClient    : Starting heartbeat executor: renew interval is: 30
2025-11-11T00:47:59.963+07:00  INFO 8064 --- [user-service] [main] c.n.discovery.InstanceInfoReplicator     : InstanceInfoReplicator onDemand update allowed rate per min is 4
2025-11-11T00:47:59.964+07:00  INFO 8064 --- [user-service] [main] com.netflix.discovery.DiscoveryClient    : Discovery Client initialized at timestamp 1762796879963 with initial instances count: 1
2025-11-11T00:47:59.967+07:00  INFO 8064 --- [user-service] [main] o.s.c.n.e.s.EurekaServiceRegistry        : Registering application USER-SERVICE with eureka with status UP
2025-11-11T00:47:59.967+07:00  INFO 8064 --- [user-service] [main] com.netflix.discovery.DiscoveryClient    : Saw local status change event StatusChangeEvent [timestamp=1762796879967, current=UP, previous=STARTING]
2025-11-11T00:47:59.968+07:00  INFO 8064 --- [user-service] [DiscoveryClient-InstanceInfoReplicator-%d] com.netflix.discovery.DiscoveryClient    : DiscoveryClient_USER-SERVICE/localhost:user-service: registering service...
2025-11-11T00:47:59.969+07:00  INFO 8064 --- [user-service] [main] o.s.c.s.binder.DefaultBinderFactory      : Creating binder: rabbit
2025-11-11T00:47:59.970+07:00  INFO 8064 --- [user-service] [main] o.s.c.s.binder.DefaultBinderFactory      : Constructing binder child context for rabbit
2025-11-11T00:48:00.009+07:00  INFO 8064 --- [user-service] [DiscoveryClient-InstanceInfoReplicator-%d] com.netflix.discovery.DiscoveryClient    : DiscoveryClient_USER-SERVICE/localhost:user-service - registration status: 204
2025-11-11T00:48:00.081+07:00  INFO 8064 --- [user-service] [main] o.s.c.s.binder.DefaultBinderFactory      : Caching the binder: rabbit
2025-11-11T00:48:00.096+07:00  INFO 8064 --- [user-service] [main] c.s.b.r.p.RabbitExchangeQueueProvisioner : declaring queue for inbound: springCloudBus.anonymous.QEJ7oYtpTuavB4fMdr-wYg, bound to: springCloudBus
2025-11-11T00:48:00.101+07:00  INFO 8064 --- [user-service] [main] o.s.a.r.c.CachingConnectionFactory       : Attempting to connect to: [localhost:5672]
2025-11-11T00:48:00.107+07:00  INFO 8064 --- [user-service] [main] o.s.a.r.c.CachingConnectionFactory       : Attempting to connect to: [localhost:5672]
2025-11-11T00:48:00.119+07:00  INFO 8064 --- [user-service] [main] o.s.a.r.c.CachingConnectionFactory       : Attempting to connect to: [localhost:5672]
2025-11-11T00:48:00.142+07:00  INFO 8064 --- [user-service] [main] o.s.c.stream.binder.BinderErrorChannel   : Channel 'rabbit-125745007.springCloudBusInput.errors' has 1 subscriber(s).
2025-11-11T00:48:00.143+07:00  INFO 8064 --- [user-service] [main] o.s.c.stream.binder.BinderErrorChannel   : Channel 'rabbit-125745007.springCloudBusInput.errors' has 2 subscriber(s).
2025-11-11T00:48:00.146+07:00  INFO 8064 --- [user-service] [main] o.s.a.r.c.CachingConnectionFactory       : Attempting to connect to: [localhost:5672]
2025-11-11T00:48:00.158+07:00  INFO 8064 --- [user-service] [main] o.s.a.r.l.SimpleMessageListenerContainer : Broker not available; cannot force queue declarations during start: java.net.ConnectException: Connection refused: getsockopt
2025-11-11T00:48:00.169+07:00  INFO 8064 --- [user-service] [springCloudBus.anonymous.QEJ7oYtpTuavB4fMdr-wYg-1] o.s.a.r.c.CachingConnectionFactory       : Attempting to connect to: [localhost:5672]
2025-11-11T00:48:00.170+07:00  INFO 8064 --- [user-service] [main] o.s.i.a.i.AmqpInboundChannelAdapter      : started bean 'inbound.springCloudBus.anonymous.QEJ7oYtpTuavB4fMdr-wYg'
2025-11-11T00:48:00.195+07:00  INFO 8064 --- [user-service] [main] o.s.b.w.embedded.tomcat.TomcatWebServer  : Tomcat started on port 8080 (http) with context path '/'
2025-11-11T00:48:00.196+07:00  INFO 8064 --- [user-service] [main] .s.c.n.e.s.EurekaAutoServiceRegistration : Updating port to 8080
2025-11-11T00:48:01.204+07:00  INFO 8064 --- [user-service] [main] o.s.cloud.commons.util.InetUtils         : Cannot determine local hostname
2025-11-11T00:48:02.210+07:00  INFO 8064 --- [user-service] [main] o.s.cloud.commons.util.InetUtils         : Cannot determine local hostname
2025-11-11T00:48:02.241+07:00  INFO 8064 --- [user-service] [main] com.ecommerce.user.UserApplication       : Started UserApplication in 12.603 seconds (process running for 13.253)
2025-11-11T00:48:05.188+07:00  WARN 8064 --- [user-service] [springCloudBus.anonymous.QEJ7oYtpTuavB4fMdr-wYg-1] o.s.a.r.l.SimpleMessageListenerContainer : Consumer raised exception, processing can restart if the connection factory supports it. Exception summary: org.springframework.amqp.AmqpConnectException: java.net.ConnectException: Connection refused: getsockopt
2025-11-11T00:48:05.190+07:00  INFO 8064 --- [user-service] [springCloudBus.anonymous.QEJ7oYtpTuavB4fMdr-wYg-1] o.s.a.r.l.SimpleMessageListenerContainer : Restarting Consumer@3f563397: tags=[[]], channel=null, acknowledgeMode=AUTO local queue size=0
2025-11-11T00:48:05.192+07:00  INFO 8064 --- [user-service] [springCloudBus.anonymous.QEJ7oYtpTuavB4fMdr-wYg-2] o.s.a.r.c.CachingConnectionFactory       : Attempting to connect to: [localhost:5672]
2025-11-11T00:48:10.210+07:00  WARN 8064 --- [user-service] [springCloudBus.anonymous.QEJ7oYtpTuavB4fMdr-wYg-2] o.s.a.r.l.SimpleMessageListenerContainer : Consumer raised exception, processing can restart if the connection factory supports it. Exception summary: org.springframework.amqp.AmqpConnectException: java.net.ConnectException: Connection refused: getsockopt
2025-11-11T00:48:10.210+07:00  INFO 8064 --- [user-service] [springCloudBus.anonymous.QEJ7oYtpTuavB4fMdr-wYg-2] o.s.a.r.l.SimpleMessageListenerContainer : Restarting Consumer@281f0efc: tags=[[]], channel=null, acknowledgeMode=AUTO local queue size=0
2025-11-11T00:48:10.210+07:00  INFO 8064 --- [user-service] [springCloudBus.anonymous.QEJ7oYtpTuavB4fMdr-wYg-3] o.s.a.r.c.CachingConnectionFactory       : Attempting to connect to: [localhost:5672]
2025-11-11T00:48:15.232+07:00  WARN 8064 --- [user-service] [springCloudBus.anonymous.QEJ7oYtpTuavB4fMdr-wYg-3] o.s.a.r.l.SimpleMessageListenerContainer : Consumer raised exception, processing can restart if the connection factory supports it. Exception summary: org.springframework.amqp.AmqpConnectException: java.net.ConnectException: Connection refused: getsockopt
2025-11-11T00:48:15.232+07:00  INFO 8064 --- [user-service] [springCloudBus.anonymous.QEJ7oYtpTuavB4fMdr-wYg-3] o.s.a.r.l.SimpleMessageListenerContainer : Restarting Consumer@35de166d: tags=[[]], channel=null, acknowledgeMode=AUTO local queue size=0
2025-11-11T00:48:15.233+07:00  INFO 8064 --- [user-service] [springCloudBus.anonymous.QEJ7oYtpTuavB4fMdr-wYg-4] o.s.a.r.c.CachingConnectionFactory       : Attempting to connect to: [localhost:5672]
2025-11-11T00:48:20.259+07:00  WARN 8064 --- [user-service] [springCloudBus.anonymous.QEJ7oYtpTuavB4fMdr-wYg-4] o.s.a.r.l.SimpleMessageListenerContainer : Consumer raised exception, processing can restart if the connection factory supports it. Exception summary: org.springframework.amqp.AmqpConnectException: java.net.ConnectException: Connection refused: getsockopt
2025-11-11T00:48:20.259+07:00  INFO 8064 --- [user-service] [springCloudBus.anonymous.QEJ7oYtpTuavB4fMdr-wYg-4] o.s.a.r.l.SimpleMessageListenerContainer : Restarting Consumer@7f1312cf: tags=[[]], channel=null, acknowledgeMode=AUTO local queue size=0
2025-11-11T00:48:20.260+07:00  INFO 8064 --- [user-service] [springCloudBus.anonymous.QEJ7oYtpTuavB4fMdr-wYg-5] o.s.a.r.c.CachingConnectionFactory       : Attempting to connect to: [localhost:5672]
2025-11-11T00:48:25.300+07:00  WARN 8064 --- [user-service] [springCloudBus.anonymous.QEJ7oYtpTuavB4fMdr-wYg-5] o.s.a.r.l.SimpleMessageListenerContainer : Consumer raised exception, processing can restart if the connection factory supports it. Exception summary: org.springframework.amqp.AmqpConnectException: java.net.ConnectException: Connection refused: getsockopt
2025-11-11T00:48:25.300+07:00  INFO 8064 --- [user-service] [springCloudBus.anonymous.QEJ7oYtpTuavB4fMdr-wYg-5] o.s.a.r.l.SimpleMessageListenerContainer : Restarting Consumer@30889691: tags=[[]], channel=null, acknowledgeMode=AUTO local queue size=0
2025-11-11T00:48:25.301+07:00  INFO 8064 --- [user-service] [springCloudBus.anonymous.QEJ7oYtpTuavB4fMdr-wYg-6] o.s.a.r.c.CachingConnectionFactory       : Attempting to connect to: [localhost:5672]
2025-11-11T00:48:30.342+07:00  WARN 8064 --- [user-service] [springCloudBus.anonymous.QEJ7oYtpTuavB4fMdr-wYg-6] o.s.a.r.l.SimpleMessageListenerContainer : Consumer raised exception, processing can restart if the connection factory supports it. Exception summary: org.springframework.amqp.AmqpConnectException: java.net.ConnectException: Connection refused: getsockopt
2025-11-11T00:48:30.342+07:00  INFO 8064 --- [user-service] [springCloudBus.anonymous.QEJ7oYtpTuavB4fMdr-wYg-6] o.s.a.r.l.SimpleMessageListenerContainer : Restarting Consumer@76bacca7: tags=[[]], channel=null, acknowledgeMode=AUTO local queue size=0
2025-11-11T00:48:30.343+07:00  INFO 8064 --- [user-service] [springCloudBus.anonymous.QEJ7oYtpTuavB4fMdr-wYg-7] o.s.a.r.c.CachingConnectionFactory       : Attempting to connect to: [localhost:5672]
2025-11-11T00:48:35.360+07:00  WARN 8064 --- [user-service] [springCloudBus.anonymous.QEJ7oYtpTuavB4fMdr-wYg-7] o.s.a.r.l.SimpleMessageListenerContainer : Consumer raised exception, processing can restart if the connection factory supports it. Exception summary: org.springframework.amqp.AmqpConnectException: java.net.ConnectException: Connection refused: getsockopt
2025-11-11T00:48:35.360+07:00  INFO 8064 --- [user-service] [springCloudBus.anonymous.QEJ7oYtpTuavB4fMdr-wYg-7] o.s.a.r.l.SimpleMessageListenerContainer : Restarting Consumer@2e262f10: tags=[[]], channel=null, acknowledgeMode=AUTO local queue size=0
2025-11-11T00:48:35.361+07:00  INFO 8064 --- [user-service] [springCloudBus.anonymous.QEJ7oYtpTuavB4fMdr-wYg-8] o.s.a.r.c.CachingConnectionFactory       : Attempting to connect to: [localhost:5672]
2025-11-11T00:48:40.391+07:00  WARN 8064 --- [user-service] [springCloudBus.anonymous.QEJ7oYtpTuavB4fMdr-wYg-8] o.s.a.r.l.SimpleMessageListenerContainer : Consumer raised exception, processing can restart if the connection factory supports it. Exception summary: org.springframework.amqp.AmqpConnectException: java.net.ConnectException: Connection refused: getsockopt
2025-11-11T00:48:40.391+07:00  INFO 8064 --- [user-service] [springCloudBus.anonymous.QEJ7oYtpTuavB4fMdr-wYg-8] o.s.a.r.l.SimpleMessageListenerContainer : Restarting Consumer@38065673: tags=[[]], channel=null, acknowledgeMode=AUTO local queue size=0
2025-11-11T00:48:40.392+07:00  INFO 8064 --- [user-service] [springCloudBus.anonymous.QEJ7oYtpTuavB4fMdr-wYg-9] o.s.a.r.c.CachingConnectionFactory       : Attempting to connect to: [localhost:5672]
2025-11-11T00:48:45.419+07:00  WARN 8064 --- [user-service] [springCloudBus.anonymous.QEJ7oYtpTuavB4fMdr-wYg-9] o.s.a.r.l.SimpleMessageListenerContainer : Consumer raised exception, processing can restart if the connection factory supports it. Exception summary: org.springframework.amqp.AmqpConnectException: java.net.ConnectException: Connection refused: getsockopt
2025-11-11T00:48:45.419+07:00  INFO 8064 --- [user-service] [springCloudBus.anonymous.QEJ7oYtpTuavB4fMdr-wYg-9] o.s.a.r.l.SimpleMessageListenerContainer : Restarting Consumer@6bfb73a8: tags=[[]], channel=null, acknowledgeMode=AUTO local queue size=0
2025-11-11T00:48:45.421+07:00  INFO 8064 --- [user-service] [springCloudBus.anonymous.QEJ7oYtpTuavB4fMdr-wYg-10] o.s.a.r.c.CachingConnectionFactory       : Attempting to connect to: [localhost:5672]
2025-11-11T00:48:50.457+07:00  WARN 8064 --- [user-service] [springCloudBus.anonymous.QEJ7oYtpTuavB4fMdr-wYg-10] o.s.a.r.l.SimpleMessageListenerContainer : Consumer raised exception, processing can restart if the connection factory supports it. Exception summary: org.springframework.amqp.AmqpConnectException: java.net.ConnectException: Connection refused: getsockopt
2025-11-11T00:48:50.457+07:00  INFO 8064 --- [user-service] [springCloudBus.anonymous.QEJ7oYtpTuavB4fMdr-wYg-10] o.s.a.r.l.SimpleMessageListenerContainer : Restarting Consumer@3d82751d: tags=[[]], channel=null, acknowledgeMode=AUTO local queue size=0
2025-11-11T00:48:50.458+07:00  INFO 8064 --- [user-service] [springCloudBus.anonymous.QEJ7oYtpTuavB4fMdr-wYg-11] o.s.a.r.c.CachingConnectionFactory       : Attempting to connect to: [localhost:5672]
2025-11-11T00:48:55.495+07:00  WARN 8064 --- [user-service] [springCloudBus.anonymous.QEJ7oYtpTuavB4fMdr-wYg-11] o.s.a.r.l.SimpleMessageListenerContainer : Consumer raised exception, processing can restart if the connection factory supports it. Exception summary: org.springframework.amqp.AmqpConnectException: java.net.ConnectException: Connection refused: getsockopt
2025-11-11T00:48:55.495+07:00  INFO 8064 --- [user-service] [springCloudBus.anonymous.QEJ7oYtpTuavB4fMdr-wYg-11] o.s.a.r.l.SimpleMessageListenerContainer : Restarting Consumer@60c39dc3: tags=[[]], channel=null, acknowledgeMode=AUTO local queue size=0
2025-11-11T00:48:55.496+07:00  INFO 8064 --- [user-service] [springCloudBus.anonymous.QEJ7oYtpTuavB4fMdr-wYg-12] o.s.a.r.c.CachingConnectionFactory       : Attempting to connect to: [localhost:5672]
2025-11-11T00:49:00.508+07:00  WARN 8064 --- [user-service] [springCloudBus.anonymous.QEJ7oYtpTuavB4fMdr-wYg-12] o.s.a.r.l.SimpleMessageListenerContainer : Consumer raised exception, processing can restart if the connection factory supports it. Exception summary: org.springframework.amqp.AmqpConnectException: java.net.ConnectException: Connection refused: getsockopt
2025-11-11T00:49:00.508+07:00  INFO 8064 --- [user-service] [springCloudBus.anonymous.QEJ7oYtpTuavB4fMdr-wYg-12] o.s.a.r.l.SimpleMessageListenerContainer : Restarting Consumer@202533ed: tags=[[]], channel=null, acknowledgeMode=AUTO local queue size=0
2025-11-11T00:49:00.509+07:00  INFO 8064 --- [user-service] [springCloudBus.anonymous.QEJ7oYtpTuavB4fMdr-wYg-13] o.s.a.r.c.CachingConnectionFactory       : Attempting to connect to: [localhost:5672]
2025-11-11T00:49:05.523+07:00  WARN 8064 --- [user-service] [springCloudBus.anonymous.QEJ7oYtpTuavB4fMdr-wYg-13] o.s.a.r.l.SimpleMessageListenerContainer : Consumer raised exception, processing can restart if the connection factory supports it. Exception summary: org.springframework.amqp.AmqpConnectException: java.net.ConnectException: Connection refused: getsockopt
2025-11-11T00:49:05.523+07:00  INFO 8064 --- [user-service] [springCloudBus.anonymous.QEJ7oYtpTuavB4fMdr-wYg-13] o.s.a.r.l.SimpleMessageListenerContainer : Restarting Consumer@453d1960: tags=[[]], channel=null, acknowledgeMode=AUTO local queue size=0
2025-11-11T00:49:05.525+07:00  INFO 8064 --- [user-service] [springCloudBus.anonymous.QEJ7oYtpTuavB4fMdr-wYg-14] o.s.a.r.c.CachingConnectionFactory       : Attempting to connect to: [localhost:5672]
2025-11-11T00:49:10.537+07:00  WARN 8064 --- [user-service] [springCloudBus.anonymous.QEJ7oYtpTuavB4fMdr-wYg-14] o.s.a.r.l.SimpleMessageListenerContainer : Consumer raised exception, processing can restart if the connection factory supports it. Exception summary: org.springframework.amqp.AmqpConnectException: java.net.ConnectException: Connection refused: getsockopt
2025-11-11T00:49:10.537+07:00  INFO 8064 --- [user-service] [springCloudBus.anonymous.QEJ7oYtpTuavB4fMdr-wYg-14] o.s.a.r.l.SimpleMessageListenerContainer : Restarting Consumer@4016a35a: tags=[[]], channel=null, acknowledgeMode=AUTO local queue size=0
2025-11-11T00:49:10.539+07:00  INFO 8064 --- [user-service] [springCloudBus.anonymous.QEJ7oYtpTuavB4fMdr-wYg-15] o.s.a.r.c.CachingConnectionFactory       : Attempting to connect to: [localhost:5672]
2025-11-11T00:49:15.572+07:00  WARN 8064 --- [user-service] [springCloudBus.anonymous.QEJ7oYtpTuavB4fMdr-wYg-15] o.s.a.r.l.SimpleMessageListenerContainer : Consumer raised exception, processing can restart if the connection factory supports it. Exception summary: org.springframework.amqp.AmqpConnectException: java.net.ConnectException: Connection refused: getsockopt
2025-11-11T00:49:15.572+07:00  INFO 8064 --- [user-service] [springCloudBus.anonymous.QEJ7oYtpTuavB4fMdr-wYg-15] o.s.a.r.l.SimpleMessageListenerContainer : Restarting Consumer@3633d6f0: tags=[[]], channel=null, acknowledgeMode=AUTO local queue size=0
2025-11-11T00:49:15.573+07:00  INFO 8064 --- [user-service] [springCloudBus.anonymous.QEJ7oYtpTuavB4fMdr-wYg-16] o.s.a.r.c.CachingConnectionFactory       : Attempting to connect to: [localhost:5672]
2025-11-11T00:49:20.588+07:00  WARN 8064 --- [user-service] [springCloudBus.anonymous.QEJ7oYtpTuavB4fMdr-wYg-16] o.s.a.r.l.SimpleMessageListenerContainer : Consumer raised exception, processing can restart if the connection factory supports it. Exception summary: org.springframework.amqp.AmqpConnectException: java.net.ConnectException: Connection refused: getsockopt
2025-11-11T00:49:20.588+07:00  INFO 8064 --- [user-service] [springCloudBus.anonymous.QEJ7oYtpTuavB4fMdr-wYg-16] o.s.a.r.l.SimpleMessageListenerContainer : Restarting Consumer@2a960a26: tags=[[]], channel=null, acknowledgeMode=AUTO local queue size=0
2025-11-11T00:49:20.590+07:00  INFO 8064 --- [user-service] [springCloudBus.anonymous.QEJ7oYtpTuavB4fMdr-wYg-17] o.s.a.r.c.CachingConnectionFactory       : Attempting to connect to: [localhost:5672]
2025-11-11T00:49:25.602+07:00  WARN 8064 --- [user-service] [springCloudBus.anonymous.QEJ7oYtpTuavB4fMdr-wYg-17] o.s.a.r.l.SimpleMessageListenerContainer : Consumer raised exception, processing can restart if the connection factory supports it. Exception summary: org.springframework.amqp.AmqpConnectException: java.net.ConnectException: Connection refused: getsockopt
2025-11-11T00:49:25.602+07:00  INFO 8064 --- [user-service] [springCloudBus.anonymous.QEJ7oYtpTuavB4fMdr-wYg-17] o.s.a.r.l.SimpleMessageListenerContainer : Restarting Consumer@74cc8041: tags=[[]], channel=null, acknowledgeMode=AUTO local queue size=0
2025-11-11T00:49:25.604+07:00  INFO 8064 --- [user-service] [springCloudBus.anonymous.QEJ7oYtpTuavB4fMdr-wYg-18] o.s.a.r.c.CachingConnectionFactory       : Attempting to connect to: [localhost:5672]
2025-11-11T00:49:30.625+07:00  WARN 8064 --- [user-service] [springCloudBus.anonymous.QEJ7oYtpTuavB4fMdr-wYg-18] o.s.a.r.l.SimpleMessageListenerContainer : Consumer raised exception, processing can restart if the connection factory supports it. Exception summary: org.springframework.amqp.AmqpConnectException: java.net.ConnectException: Connection refused: getsockopt
2025-11-11T00:49:30.625+07:00  INFO 8064 --- [user-service] [springCloudBus.anonymous.QEJ7oYtpTuavB4fMdr-wYg-18] o.s.a.r.l.SimpleMessageListenerContainer : Restarting Consumer@3a63390a: tags=[[]], channel=null, acknowledgeMode=AUTO local queue size=0
2025-11-11T00:49:30.626+07:00  INFO 8064 --- [user-service] [springCloudBus.anonymous.QEJ7oYtpTuavB4fMdr-wYg-19] o.s.a.r.c.CachingConnectionFactory       : Attempting to connect to: [localhost:5672]
2025-11-11T00:49:35.639+07:00  WARN 8064 --- [user-service] [springCloudBus.anonymous.QEJ7oYtpTuavB4fMdr-wYg-19] o.s.a.r.l.SimpleMessageListenerContainer : Consumer raised exception, processing can restart if the connection factory supports it. Exception summary: org.springframework.amqp.AmqpConnectException: java.net.ConnectException: Connection refused: getsockopt
2025-11-11T00:49:35.639+07:00  INFO 8064 --- [user-service] [springCloudBus.anonymous.QEJ7oYtpTuavB4fMdr-wYg-19] o.s.a.r.l.SimpleMessageListenerContainer : Restarting Consumer@33b53be5: tags=[[]], channel=null, acknowledgeMode=AUTO local queue size=0
2025-11-11T00:49:35.640+07:00  INFO 8064 --- [user-service] [springCloudBus.anonymous.QEJ7oYtpTuavB4fMdr-wYg-20] o.s.a.r.c.CachingConnectionFactory       : Attempting to connect to: [localhost:5672]
2025-11-11T00:49:40.655+07:00  WARN 8064 --- [user-service] [springCloudBus.anonymous.QEJ7oYtpTuavB4fMdr-wYg-20] o.s.a.r.l.SimpleMessageListenerContainer : Consumer raised exception, processing can restart if the connection factory supports it. Exception summary: org.springframework.amqp.AmqpConnectException: java.net.ConnectException: Connection refused: getsockopt
2025-11-11T00:49:40.655+07:00  INFO 8064 --- [user-service] [springCloudBus.anonymous.QEJ7oYtpTuavB4fMdr-wYg-20] o.s.a.r.l.SimpleMessageListenerContainer : Restarting Consumer@47b4999d: tags=[[]], channel=null, acknowledgeMode=AUTO local queue size=0
2025-11-11T00:49:40.656+07:00  INFO 8064 --- [user-service] [springCloudBus.anonymous.QEJ7oYtpTuavB4fMdr-wYg-21] o.s.a.r.c.CachingConnectionFactory       : Attempting to connect to: [localhost:5672]
2025-11-11T00:49:42.955+07:00  INFO 8064 --- [user-service] [SpringApplicationShutdownHook] o.s.c.n.e.s.EurekaServiceRegistry        : Unregistering application USER-SERVICE with eureka with status DOWN
2025-11-11T00:49:42.955+07:00  INFO 8064 --- [user-service] [SpringApplicationShutdownHook] com.netflix.discovery.DiscoveryClient    : Saw local status change event StatusChangeEvent [timestamp=1762796982955, current=DOWN, previous=UP]
2025-11-11T00:49:42.955+07:00  INFO 8064 --- [user-service] [DiscoveryClient-InstanceInfoReplicator-%d] com.netflix.discovery.DiscoveryClient    : DiscoveryClient_USER-SERVICE/localhost:user-service: registering service...
2025-11-11T00:49:42.962+07:00  INFO 8064 --- [user-service] [SpringApplicationShutdownHook] o.s.b.w.e.tomcat.GracefulShutdown        : Commencing graceful shutdown. Waiting for active requests to complete
2025-11-11T00:49:42.967+07:00  INFO 8064 --- [user-service] [DiscoveryClient-InstanceInfoReplicator-%d] com.netflix.discovery.DiscoveryClient    : DiscoveryClient_USER-SERVICE/localhost:user-service - registration status: 204
2025-11-11T00:49:42.971+07:00  INFO 8064 --- [user-service] [tomcat-shutdown] o.s.b.w.e.tomcat.GracefulShutdown        : Graceful shutdown complete
2025-11-11T00:49:42.975+07:00  INFO 8064 --- [user-service] [SpringApplicationShutdownHook] o.s.a.r.l.SimpleMessageListenerContainer : Waiting for workers to finish.
2025-11-11T00:49:42.976+07:00  INFO 8064 --- [user-service] [SpringApplicationShutdownHook] o.s.a.r.l.SimpleMessageListenerContainer : Successfully waited for workers to finish.
2025-11-11T00:49:42.976+07:00  INFO 8064 --- [user-service] [SpringApplicationShutdownHook] o.s.i.a.i.AmqpInboundChannelAdapter      : stopped bean 'inbound.springCloudBus.anonymous.QEJ7oYtpTuavB4fMdr-wYg'
2025-11-11T00:49:42.987+07:00  INFO 8064 --- [user-service] [SpringApplicationShutdownHook] o.s.c.stream.binder.BinderErrorChannel   : Channel 'user-service.rabbit-125745007.springCloudBusInput.errors' has 1 subscriber(s).
2025-11-11T00:49:42.988+07:00  INFO 8064 --- [user-service] [SpringApplicationShutdownHook] o.s.c.stream.binder.BinderErrorChannel   : Channel 'user-service.rabbit-125745007.springCloudBusInput.errors' has 0 subscriber(s).
2025-11-11T00:49:43.015+07:00  INFO 8064 --- [user-service] [SpringApplicationShutdownHook] o.s.i.endpoint.EventDrivenConsumer       : Removing {logging-channel-adapter:_org.springframework.integration.errorLogger} as a subscriber to the 'errorChannel' channel
2025-11-11T00:49:43.015+07:00  INFO 8064 --- [user-service] [SpringApplicationShutdownHook] o.s.i.channel.PublishSubscribeChannel    : Channel 'user-service.errorChannel' has 0 subscriber(s).
2025-11-11T00:49:43.015+07:00  INFO 8064 --- [user-service] [SpringApplicationShutdownHook] o.s.i.endpoint.EventDrivenConsumer       : stopped bean '_org.springframework.integration.errorLogger'
2025-11-11T00:49:43.027+07:00  INFO 8064 --- [user-service] [SpringApplicationShutdownHook] com.netflix.discovery.DiscoveryClient    : Shutting down DiscoveryClient ...
2025-11-11T00:49:46.028+07:00  INFO 8064 --- [user-service] [SpringApplicationShutdownHook] com.netflix.discovery.DiscoveryClient    : Unregistering ...
2025-11-11T00:49:46.036+07:00  INFO 8064 --- [user-service] [SpringApplicationShutdownHook] com.netflix.discovery.DiscoveryClient    : DiscoveryClient_USER-SERVICE/localhost:user-service - deregister  status: 200
2025-11-11T00:49:46.036+07:00  INFO 8064 --- [user-service] [SpringApplicationShutdownHook] com.netflix.discovery.DiscoveryClient    : Completed shut down of DiscoveryClient
2025-11-11T00:49:49.314+07:00  INFO 23960 --- [user-service] [main] com.ecommerce.user.UserApplication       : Starting UserApplication using Java 25 with PID 23960 (D:\ecom-microservices\user\target\classes started by Admin in D:\ecom-microservices)
2025-11-11T00:49:49.316+07:00 DEBUG 23960 --- [user-service] [main] com.ecommerce.user.UserApplication       : Running with Spring Boot v3.5.6, Spring v6.2.11
2025-11-11T00:49:49.316+07:00  INFO 23960 --- [user-service] [main] com.ecommerce.user.UserApplication       : No active profile set, falling back to 1 default profile: "default"
2025-11-11T00:49:49.347+07:00  INFO 23960 --- [user-service] [main] o.s.c.c.c.ConfigServerConfigDataLoader   : Fetching config from server at : http://localhost:8888
2025-11-11T00:49:49.348+07:00  INFO 23960 --- [user-service] [main] o.s.c.c.c.ConfigServerConfigDataLoader   : Located environment: name=user-service, profiles=[default], label=null, version=null, state=null
2025-11-11T00:49:50.207+07:00  INFO 23960 --- [user-service] [main] .s.d.r.c.RepositoryConfigurationDelegate : Bootstrapping Spring Data MongoDB repositories in DEFAULT mode.
2025-11-11T00:49:50.306+07:00  INFO 23960 --- [user-service] [main] .s.d.r.c.RepositoryConfigurationDelegate : Finished Spring Data repository scanning in 93 ms. Found 1 MongoDB repository interface.
2025-11-11T00:49:50.460+07:00  INFO 23960 --- [user-service] [main] faultConfiguringBeanFactoryPostProcessor : No bean named 'errorChannel' has been explicitly defined. Therefore, a default PublishSubscribeChannel will be created.
2025-11-11T00:49:50.465+07:00  INFO 23960 --- [user-service] [main] faultConfiguringBeanFactoryPostProcessor : No bean named 'integrationHeaderChannelRegistry' has been explicitly defined. Therefore, a default DefaultHeaderChannelRegistry will be created.
2025-11-11T00:49:50.559+07:00  INFO 23960 --- [user-service] [main] o.s.cloud.context.scope.GenericScope     : BeanFactory id=0742534e-e2e3-3682-b060-873a5097d704
2025-11-11T00:49:50.910+07:00  INFO 23960 --- [user-service] [main] o.s.b.w.embedded.tomcat.TomcatWebServer  : Tomcat initialized with port 8082 (http)
2025-11-11T00:49:50.922+07:00  INFO 23960 --- [user-service] [main] o.apache.catalina.core.StandardService   : Starting service [Tomcat]
2025-11-11T00:49:50.922+07:00  INFO 23960 --- [user-service] [main] o.apache.catalina.core.StandardEngine    : Starting Servlet engine: [Apache Tomcat/10.1.46]
2025-11-11T00:49:50.993+07:00  INFO 23960 --- [user-service] [main] o.a.c.c.C.[Tomcat].[localhost].[/]       : Initializing Spring embedded WebApplicationContext
2025-11-11T00:49:50.993+07:00  INFO 23960 --- [user-service] [main] w.s.c.ServletWebServerApplicationContext : Root WebApplicationContext: initialization completed in 1644 ms
2025-11-11T00:49:51.352+07:00  INFO 23960 --- [user-service] [main] org.mongodb.driver.client                : MongoClient with metadata {"driver": {"name": "mongo-java-driver|sync|spring-boot", "version": "5.5.1"}, "os": {"type": "Windows", "name": "Windows 11", "architecture": "amd64", "version": "10.0"}, "platform": "Java/Oracle Corporation/25+37-LTS-3491"} created with settings MongoClientSettings{readPreference=primary, writeConcern=WriteConcern{w=null, wTimeout=null ms, journal=null}, retryWrites=true, retryReads=true, readConcern=ReadConcern{level=null}, credential=null, transportSettings=null, commandListeners=[io.micrometer.core.instrument.binder.mongodb.MongoMetricsCommandListener@7cbede2b], codecRegistry=ProvidersCodecRegistry{codecProviders=[ValueCodecProvider{}, BsonValueCodecProvider{}, DBRefCodecProvider{}, DBObjectCodecProvider{}, DocumentCodecProvider{}, CollectionCodecProvider{}, IterableCodecProvider{}, MapCodecProvider{}, GeoJsonCodecProvider{}, GridFSFileCodecProvider{}, Jsr310CodecProvider{}, JsonObjectCodecProvider{}, BsonCodecProvider{}, EnumCodecProvider{}, com.mongodb.client.model.mql.ExpressionCodecProvider@1ef04613, com.mongodb.Jep395RecordCodecProvider@2d3d4a54, com.mongodb.KotlinCodecProvider@215c6ec0]}, loggerSettings=LoggerSettings{maxDocumentLength=1000}, clusterSettings={hosts=[localhost:27017], srvServiceName=mongodb, mode=SINGLE, requiredClusterType=UNKNOWN, requiredReplicaSetName='null', serverSelector='null', clusterListeners='[]', serverSelectionTimeout='30000 ms', localThreshold='15 ms'}, socketSettings=SocketSettings{connectTimeoutMS=10000, readTimeoutMS=0, receiveBufferSize=0, proxySettings=ProxySettings{host=null, port=null, username=null, password=null}}, heartbeatSocketSettings=SocketSettings{connectTimeoutMS=10000, readTimeoutMS=10000, receiveBufferSize=0, proxySettings=ProxySettings{host=null, port=null, username=null, password=null}}, connectionPoolSettings=ConnectionPoolSettings{maxSize=100, minSize=0, maxWaitTimeMS=120000, maxConnectionLifeTimeMS=0, maxConnectionIdleTimeMS=0, maintenanceInitialDelayMS=0, maintenanceFrequencyMS=60000, connectionPoolListeners=[io.micrometer.core.instrument.binder.mongodb.MongoMetricsConnectionPoolListener@2b19b346], maxConnecting=2}, serverSettings=ServerSettings{heartbeatFrequencyMS=10000, minHeartbeatFrequencyMS=500, serverMonitoringMode=AUTO, serverListeners='[]', serverMonitorListeners='[]'}, sslSettings=SslSettings{enabled=false, invalidHostNameAllowed=false, context=null}, applicationName='null', compressorList=[], uuidRepresentation=JAVA_LEGACY, serverApi=null, autoEncryptionSettings=null, dnsClient=null, inetAddressResolver=null, contextProvider=null, timeoutMS=null}
2025-11-11T00:49:51.363+07:00  INFO 23960 --- [user-service] [cluster-ClusterId{value='691225bfa3f94b1b3a480e61', description='null'}-localhost:27017] org.mongodb.driver.cluster               : Monitor thread successfully connected to server with description ServerDescription{address=localhost:27017, type=STANDALONE, cryptd=false, state=CONNECTED, ok=true, minWireVersion=0, maxWireVersion=27, maxDocumentSize=16777216, logicalSessionTimeoutMinutes=30, roundTripTimeNanos=18080600, minRoundTripTimeNanos=0}
2025-11-11T00:49:52.651+07:00  INFO 23960 --- [user-service] [main] o.s.cloud.commons.util.InetUtils         : Cannot determine local hostname
2025-11-11T00:49:54.171+07:00  INFO 23960 --- [user-service] [main] o.s.cloud.commons.util.InetUtils         : Cannot determine local hostname
2025-11-11T00:49:54.316+07:00  WARN 23960 --- [user-service] [main] c.f.c.c.BeanFactoryAwareFunctionRegistry : Failed to locate function 'busConsumer' for function definition 'busConsumer'. Returning null.
2025-11-11T00:49:54.371+07:00  INFO 23960 --- [user-service] [main] o.s.c.s.m.DirectWithAttributesChannel    : Channel 'user-service.springCloudBusInput' has 1 subscriber(s).
2025-11-11T00:49:55.517+07:00  INFO 23960 --- [user-service] [main] o.s.cloud.commons.util.InetUtils         : Cannot determine local hostname
2025-11-11T00:49:55.528+07:00  INFO 23960 --- [user-service] [main] DiscoveryClientOptionalArgsConfiguration : Eureka HTTP Client uses RestTemplate.
2025-11-11T00:49:55.559+07:00  WARN 23960 --- [user-service] [main] iguration$LoadBalancerCaffeineWarnLogger : Spring Cloud LoadBalancer is currently working with the default cache. While this cache implementation is useful for development and tests, it's recommended to use Caffeine cache in production.You can switch to using Caffeine cache, by adding it and org.springframework.cache.caffeine.CaffeineCacheManager to the classpath.
2025-11-11T00:49:55.566+07:00  INFO 23960 --- [user-service] [main] o.s.b.a.e.web.EndpointLinksResolver      : Exposing 24 endpoints beneath base path '/actuator'
2025-11-11T00:49:55.634+07:00  INFO 23960 --- [user-service] [main] o.s.i.endpoint.EventDrivenConsumer       : Adding {logging-channel-adapter:_org.springframework.integration.errorLogger} as a subscriber to the 'errorChannel' channel
2025-11-11T00:49:55.634+07:00  INFO 23960 --- [user-service] [main] o.s.i.channel.PublishSubscribeChannel    : Channel 'user-service.errorChannel' has 1 subscriber(s).
2025-11-11T00:49:55.634+07:00  INFO 23960 --- [user-service] [main] o.s.i.endpoint.EventDrivenConsumer       : started bean '_org.springframework.integration.errorLogger'
2025-11-11T00:49:55.673+07:00  INFO 23960 --- [user-service] [main] o.s.c.n.eureka.InstanceInfoFactory       : Setting initial instance status as: STARTING
2025-11-11T00:49:55.691+07:00  INFO 23960 --- [user-service] [main] com.netflix.discovery.DiscoveryClient    : Initializing Eureka in region us-east-1
2025-11-11T00:49:55.694+07:00  INFO 23960 --- [user-service] [main] c.n.d.s.r.aws.ConfigClusterResolver      : Resolving eureka endpoints via configuration
2025-11-11T00:49:55.701+07:00  INFO 23960 --- [user-service] [main] com.netflix.discovery.DiscoveryClient    : Disable delta property : false
2025-11-11T00:49:55.702+07:00  INFO 23960 --- [user-service] [main] com.netflix.discovery.DiscoveryClient    : Single vip registry refresh property : null
2025-11-11T00:49:55.702+07:00  INFO 23960 --- [user-service] [main] com.netflix.discovery.DiscoveryClient    : Force full registry fetch : false
2025-11-11T00:49:55.702+07:00  INFO 23960 --- [user-service] [main] com.netflix.discovery.DiscoveryClient    : Application is null : false
2025-11-11T00:49:55.702+07:00  INFO 23960 --- [user-service] [main] com.netflix.discovery.DiscoveryClient    : Registered Applications size is zero : true
2025-11-11T00:49:55.702+07:00  INFO 23960 --- [user-service] [main] com.netflix.discovery.DiscoveryClient    : Application version is -1: true
2025-11-11T00:49:55.702+07:00  INFO 23960 --- [user-service] [main] com.netflix.discovery.DiscoveryClient    : Getting all instance registry info from the eureka server
2025-11-11T00:49:55.885+07:00  INFO 23960 --- [user-service] [main] com.netflix.discovery.DiscoveryClient    : The response status is 200
2025-11-11T00:49:55.886+07:00  INFO 23960 --- [user-service] [main] com.netflix.discovery.DiscoveryClient    : Starting heartbeat executor: renew interval is: 30
2025-11-11T00:49:55.887+07:00  INFO 23960 --- [user-service] [main] c.n.discovery.InstanceInfoReplicator     : InstanceInfoReplicator onDemand update allowed rate per min is 4
2025-11-11T00:49:55.888+07:00  INFO 23960 --- [user-service] [main] com.netflix.discovery.DiscoveryClient    : Discovery Client initialized at timestamp 1762796995888 with initial instances count: 1
2025-11-11T00:49:55.890+07:00  INFO 23960 --- [user-service] [main] o.s.c.n.e.s.EurekaServiceRegistry        : Registering application USER-SERVICE with eureka with status UP
2025-11-11T00:49:55.892+07:00  INFO 23960 --- [user-service] [main] com.netflix.discovery.DiscoveryClient    : Saw local status change event StatusChangeEvent [timestamp=1762796995892, current=UP, previous=STARTING]
2025-11-11T00:49:55.893+07:00  INFO 23960 --- [user-service] [DiscoveryClient-InstanceInfoReplicator-%d] com.netflix.discovery.DiscoveryClient    : DiscoveryClient_USER-SERVICE/localhost:user-service:8082: registering service...
2025-11-11T00:49:55.894+07:00  INFO 23960 --- [user-service] [main] o.s.c.s.binder.DefaultBinderFactory      : Creating binder: rabbit
2025-11-11T00:49:55.894+07:00  INFO 23960 --- [user-service] [main] o.s.c.s.binder.DefaultBinderFactory      : Constructing binder child context for rabbit
2025-11-11T00:49:55.926+07:00  INFO 23960 --- [user-service] [DiscoveryClient-InstanceInfoReplicator-%d] com.netflix.discovery.DiscoveryClient    : DiscoveryClient_USER-SERVICE/localhost:user-service:8082 - registration status: 204
2025-11-11T00:49:55.980+07:00  INFO 23960 --- [user-service] [main] o.s.c.s.binder.DefaultBinderFactory      : Caching the binder: rabbit
2025-11-11T00:49:55.990+07:00  INFO 23960 --- [user-service] [main] c.s.b.r.p.RabbitExchangeQueueProvisioner : declaring queue for inbound: springCloudBus.anonymous.yztRfz_9TUSoN__o7MJwoQ, bound to: springCloudBus
2025-11-11T00:49:55.993+07:00  INFO 23960 --- [user-service] [main] o.s.a.r.c.CachingConnectionFactory       : Attempting to connect to: [localhost:5672]
2025-11-11T00:49:56.007+07:00  INFO 23960 --- [user-service] [main] o.s.a.r.c.CachingConnectionFactory       : Attempting to connect to: [localhost:5672]
2025-11-11T00:49:56.008+07:00  INFO 23960 --- [user-service] [main] o.s.a.r.c.CachingConnectionFactory       : Attempting to connect to: [localhost:5672]
2025-11-11T00:49:56.030+07:00  INFO 23960 --- [user-service] [main] o.s.c.stream.binder.BinderErrorChannel   : Channel 'rabbit-41141427.springCloudBusInput.errors' has 1 subscriber(s).
2025-11-11T00:49:56.031+07:00  INFO 23960 --- [user-service] [main] o.s.c.stream.binder.BinderErrorChannel   : Channel 'rabbit-41141427.springCloudBusInput.errors' has 2 subscriber(s).
2025-11-11T00:49:56.033+07:00  INFO 23960 --- [user-service] [main] o.s.a.r.c.CachingConnectionFactory       : Attempting to connect to: [localhost:5672]
2025-11-11T00:49:56.034+07:00  INFO 23960 --- [user-service] [main] o.s.a.r.l.SimpleMessageListenerContainer : Broker not available; cannot force queue declarations during start: java.net.ConnectException: Connection refused: getsockopt
2025-11-11T00:49:56.039+07:00  INFO 23960 --- [user-service] [springCloudBus.anonymous.yztRfz_9TUSoN__o7MJwoQ-1] o.s.a.r.c.CachingConnectionFactory       : Attempting to connect to: [localhost:5672]
2025-11-11T00:49:56.040+07:00  INFO 23960 --- [user-service] [main] o.s.i.a.i.AmqpInboundChannelAdapter      : started bean 'inbound.springCloudBus.anonymous.yztRfz_9TUSoN__o7MJwoQ'
2025-11-11T00:49:56.053+07:00  INFO 23960 --- [user-service] [main] o.s.b.w.embedded.tomcat.TomcatWebServer  : Tomcat started on port 8082 (http) with context path '/'
2025-11-11T00:49:56.055+07:00  INFO 23960 --- [user-service] [main] .s.c.n.e.s.EurekaAutoServiceRegistration : Updating port to 8082
2025-11-11T00:49:57.060+07:00  INFO 23960 --- [user-service] [main] o.s.cloud.commons.util.InetUtils         : Cannot determine local hostname
2025-11-11T00:49:58.066+07:00  INFO 23960 --- [user-service] [main] o.s.cloud.commons.util.InetUtils         : Cannot determine local hostname
2025-11-11T00:49:58.101+07:00  INFO 23960 --- [user-service] [main] com.ecommerce.user.UserApplication       : Started UserApplication in 10.687 seconds (process running for 11.345)
2025-11-11T00:50:01.054+07:00  WARN 23960 --- [user-service] [springCloudBus.anonymous.yztRfz_9TUSoN__o7MJwoQ-1] o.s.a.r.l.SimpleMessageListenerContainer : Consumer raised exception, processing can restart if the connection factory supports it. Exception summary: org.springframework.amqp.AmqpConnectException: java.net.ConnectException: Connection refused: getsockopt
2025-11-11T00:50:01.056+07:00  INFO 23960 --- [user-service] [springCloudBus.anonymous.yztRfz_9TUSoN__o7MJwoQ-1] o.s.a.r.l.SimpleMessageListenerContainer : Restarting Consumer@482034fb: tags=[[]], channel=null, acknowledgeMode=AUTO local queue size=0
2025-11-11T00:50:01.058+07:00  INFO 23960 --- [user-service] [springCloudBus.anonymous.yztRfz_9TUSoN__o7MJwoQ-2] o.s.a.r.c.CachingConnectionFactory       : Attempting to connect to: [localhost:5672]
2025-11-11T00:50:06.076+07:00  WARN 23960 --- [user-service] [springCloudBus.anonymous.yztRfz_9TUSoN__o7MJwoQ-2] o.s.a.r.l.SimpleMessageListenerContainer : Consumer raised exception, processing can restart if the connection factory supports it. Exception summary: org.springframework.amqp.AmqpConnectException: java.net.ConnectException: Connection refused: getsockopt
2025-11-11T00:50:06.076+07:00  INFO 23960 --- [user-service] [springCloudBus.anonymous.yztRfz_9TUSoN__o7MJwoQ-2] o.s.a.r.l.SimpleMessageListenerContainer : Restarting Consumer@257e6bd2: tags=[[]], channel=null, acknowledgeMode=AUTO local queue size=0
2025-11-11T00:50:06.077+07:00  INFO 23960 --- [user-service] [springCloudBus.anonymous.yztRfz_9TUSoN__o7MJwoQ-3] o.s.a.r.c.CachingConnectionFactory       : Attempting to connect to: [localhost:5672]
2025-11-11T00:50:07.367+07:00  INFO 23960 --- [user-service] [http-nio-8082-exec-1] o.a.c.c.C.[Tomcat].[localhost].[/]       : Initializing Spring DispatcherServlet 'dispatcherServlet'
2025-11-11T00:50:07.367+07:00  INFO 23960 --- [user-service] [http-nio-8082-exec-1] o.s.web.servlet.DispatcherServlet        : Initializing Servlet 'dispatcherServlet'
2025-11-11T00:50:07.369+07:00  INFO 23960 --- [user-service] [http-nio-8082-exec-1] o.s.web.servlet.DispatcherServlet        : Completed initialization in 2 ms
2025-11-11T00:50:11.091+07:00  WARN 23960 --- [user-service] [springCloudBus.anonymous.yztRfz_9TUSoN__o7MJwoQ-3] o.s.a.r.l.SimpleMessageListenerContainer : Consumer raised exception, processing can restart if the connection factory supports it. Exception summary: org.springframework.amqp.AmqpConnectException: java.net.ConnectException: Connection refused: getsockopt
2025-11-11T00:50:11.091+07:00  INFO 23960 --- [user-service] [springCloudBus.anonymous.yztRfz_9TUSoN__o7MJwoQ-3] o.s.a.r.l.SimpleMessageListenerContainer : Restarting Consumer@2fd5e84: tags=[[]], channel=null, acknowledgeMode=AUTO local queue size=0
2025-11-11T00:50:11.093+07:00  INFO 23960 --- [user-service] [springCloudBus.anonymous.yztRfz_9TUSoN__o7MJwoQ-4] o.s.a.r.c.CachingConnectionFactory       : Attempting to connect to: [localhost:5672]
2025-11-11T00:50:16.106+07:00  WARN 23960 --- [user-service] [springCloudBus.anonymous.yztRfz_9TUSoN__o7MJwoQ-4] o.s.a.r.l.SimpleMessageListenerContainer : Consumer raised exception, processing can restart if the connection factory supports it. Exception summary: org.springframework.amqp.AmqpConnectException: java.net.ConnectException: Connection refused: getsockopt
2025-11-11T00:50:16.106+07:00  INFO 23960 --- [user-service] [springCloudBus.anonymous.yztRfz_9TUSoN__o7MJwoQ-4] o.s.a.r.l.SimpleMessageListenerContainer : Restarting Consumer@78aa7c6f: tags=[[]], channel=null, acknowledgeMode=AUTO local queue size=0
2025-11-11T00:50:16.107+07:00  INFO 23960 --- [user-service] [springCloudBus.anonymous.yztRfz_9TUSoN__o7MJwoQ-5] o.s.a.r.c.CachingConnectionFactory       : Attempting to connect to: [localhost:5672]
2025-11-11T00:50:16.878+07:00  INFO 23960 --- [user-service] [http-nio-8082-exec-5] c.e.user.controllers.UserController      : Request received for user: 68fbbb07379e941b2ab52a97
2025-11-11T00:50:16.879+07:00 TRACE 23960 --- [user-service] [http-nio-8082-exec-5] c.e.user.controllers.UserController      : This is TRACE level - Very detailed logs
2025-11-11T00:50:16.879+07:00 DEBUG 23960 --- [user-service] [http-nio-8082-exec-5] c.e.user.controllers.UserController      : This is DEBUG level - Used for development debugging
2025-11-11T00:50:16.879+07:00  INFO 23960 --- [user-service] [http-nio-8082-exec-5] c.e.user.controllers.UserController      : This is INFO level - General system information
2025-11-11T00:50:16.879+07:00  WARN 23960 --- [user-service] [http-nio-8082-exec-5] c.e.user.controllers.UserController      : This is WARN level - Something might be wrong
2025-11-11T00:50:16.879+07:00 ERROR 23960 --- [user-service] [http-nio-8082-exec-5] c.e.user.controllers.UserController      : This is ERROR level - Something failed
2025-11-11T00:50:21.145+07:00  WARN 23960 --- [user-service] [springCloudBus.anonymous.yztRfz_9TUSoN__o7MJwoQ-5] o.s.a.r.l.SimpleMessageListenerContainer : Consumer raised exception, processing can restart if the connection factory supports it. Exception summary: org.springframework.amqp.AmqpConnectException: java.net.ConnectException: Connection refused: getsockopt
2025-11-11T00:50:21.145+07:00  INFO 23960 --- [user-service] [springCloudBus.anonymous.yztRfz_9TUSoN__o7MJwoQ-5] o.s.a.r.l.SimpleMessageListenerContainer : Restarting Consumer@5438bbf9: tags=[[]], channel=null, acknowledgeMode=AUTO local queue size=0
2025-11-11T00:50:21.147+07:00  INFO 23960 --- [user-service] [springCloudBus.anonymous.yztRfz_9TUSoN__o7MJwoQ-6] o.s.a.r.c.CachingConnectionFactory       : Attempting to connect to: [localhost:5672]
2025-11-11T00:50:26.162+07:00  WARN 23960 --- [user-service] [springCloudBus.anonymous.yztRfz_9TUSoN__o7MJwoQ-6] o.s.a.r.l.SimpleMessageListenerContainer : Consumer raised exception, processing can restart if the connection factory supports it. Exception summary: org.springframework.amqp.AmqpConnectException: java.net.ConnectException: Connection refused: getsockopt
2025-11-11T00:50:26.162+07:00  INFO 23960 --- [user-service] [springCloudBus.anonymous.yztRfz_9TUSoN__o7MJwoQ-6] o.s.a.r.l.SimpleMessageListenerContainer : Restarting Consumer@329411ce: tags=[[]], channel=null, acknowledgeMode=AUTO local queue size=0
2025-11-11T00:50:26.164+07:00  INFO 23960 --- [user-service] [springCloudBus.anonymous.yztRfz_9TUSoN__o7MJwoQ-7] o.s.a.r.c.CachingConnectionFactory       : Attempting to connect to: [localhost:5672]
2025-11-11T00:50:31.191+07:00  WARN 23960 --- [user-service] [springCloudBus.anonymous.yztRfz_9TUSoN__o7MJwoQ-7] o.s.a.r.l.SimpleMessageListenerContainer : Consumer raised exception, processing can restart if the connection factory supports it. Exception summary: org.springframework.amqp.AmqpConnectException: java.net.ConnectException: Connection refused: getsockopt
2025-11-11T00:50:31.191+07:00  INFO 23960 --- [user-service] [springCloudBus.anonymous.yztRfz_9TUSoN__o7MJwoQ-7] o.s.a.r.l.SimpleMessageListenerContainer : Restarting Consumer@515414e1: tags=[[]], channel=null, acknowledgeMode=AUTO local queue size=0
2025-11-11T00:50:31.193+07:00  INFO 23960 --- [user-service] [springCloudBus.anonymous.yztRfz_9TUSoN__o7MJwoQ-8] o.s.a.r.c.CachingConnectionFactory       : Attempting to connect to: [localhost:5672]
2025-11-11T00:50:36.208+07:00  WARN 23960 --- [user-service] [springCloudBus.anonymous.yztRfz_9TUSoN__o7MJwoQ-8] o.s.a.r.l.SimpleMessageListenerContainer : Consumer raised exception, processing can restart if the connection factory supports it. Exception summary: org.springframework.amqp.AmqpConnectException: java.net.ConnectException: Connection refused: getsockopt
2025-11-11T00:50:36.208+07:00  INFO 23960 --- [user-service] [springCloudBus.anonymous.yztRfz_9TUSoN__o7MJwoQ-8] o.s.a.r.l.SimpleMessageListenerContainer : Restarting Consumer@3e413436: tags=[[]], channel=null, acknowledgeMode=AUTO local queue size=0
2025-11-11T00:50:36.209+07:00  INFO 23960 --- [user-service] [springCloudBus.anonymous.yztRfz_9TUSoN__o7MJwoQ-9] o.s.a.r.c.CachingConnectionFactory       : Attempting to connect to: [localhost:5672]
2025-11-11T00:50:41.227+07:00  WARN 23960 --- [user-service] [springCloudBus.anonymous.yztRfz_9TUSoN__o7MJwoQ-9] o.s.a.r.l.SimpleMessageListenerContainer : Consumer raised exception, processing can restart if the connection factory supports it. Exception summary: org.springframework.amqp.AmqpConnectException: java.net.ConnectException: Connection refused: getsockopt
2025-11-11T00:50:41.227+07:00  INFO 23960 --- [user-service] [springCloudBus.anonymous.yztRfz_9TUSoN__o7MJwoQ-9] o.s.a.r.l.SimpleMessageListenerContainer : Restarting Consumer@48ad022e: tags=[[]], channel=null, acknowledgeMode=AUTO local queue size=0
2025-11-11T00:50:41.228+07:00  INFO 23960 --- [user-service] [springCloudBus.anonymous.yztRfz_9TUSoN__o7MJwoQ-10] o.s.a.r.c.CachingConnectionFactory       : Attempting to connect to: [localhost:5672]
2025-11-11T00:50:46.246+07:00  WARN 23960 --- [user-service] [springCloudBus.anonymous.yztRfz_9TUSoN__o7MJwoQ-10] o.s.a.r.l.SimpleMessageListenerContainer : Consumer raised exception, processing can restart if the connection factory supports it. Exception summary: org.springframework.amqp.AmqpConnectException: java.net.ConnectException: Connection refused: getsockopt
2025-11-11T00:50:46.246+07:00  INFO 23960 --- [user-service] [springCloudBus.anonymous.yztRfz_9TUSoN__o7MJwoQ-10] o.s.a.r.l.SimpleMessageListenerContainer : Restarting Consumer@5884d416: tags=[[]], channel=null, acknowledgeMode=AUTO local queue size=0
2025-11-11T00:50:46.247+07:00  INFO 23960 --- [user-service] [springCloudBus.anonymous.yztRfz_9TUSoN__o7MJwoQ-11] o.s.a.r.c.CachingConnectionFactory       : Attempting to connect to: [localhost:5672]
2025-11-11T00:50:51.260+07:00  WARN 23960 --- [user-service] [springCloudBus.anonymous.yztRfz_9TUSoN__o7MJwoQ-11] o.s.a.r.l.SimpleMessageListenerContainer : Consumer raised exception, processing can restart if the connection factory supports it. Exception summary: org.springframework.amqp.AmqpConnectException: java.net.ConnectException: Connection refused: getsockopt
2025-11-11T00:50:51.260+07:00  INFO 23960 --- [user-service] [springCloudBus.anonymous.yztRfz_9TUSoN__o7MJwoQ-11] o.s.a.r.l.SimpleMessageListenerContainer : Restarting Consumer@179afa13: tags=[[]], channel=null, acknowledgeMode=AUTO local queue size=0
2025-11-11T00:50:51.264+07:00  INFO 23960 --- [user-service] [springCloudBus.anonymous.yztRfz_9TUSoN__o7MJwoQ-12] o.s.a.r.c.CachingConnectionFactory       : Attempting to connect to: [localhost:5672]
2025-11-11T00:50:56.279+07:00  WARN 23960 --- [user-service] [springCloudBus.anonymous.yztRfz_9TUSoN__o7MJwoQ-12] o.s.a.r.l.SimpleMessageListenerContainer : Consumer raised exception, processing can restart if the connection factory supports it. Exception summary: org.springframework.amqp.AmqpConnectException: java.net.ConnectException: Connection refused: getsockopt
2025-11-11T00:50:56.279+07:00  INFO 23960 --- [user-service] [springCloudBus.anonymous.yztRfz_9TUSoN__o7MJwoQ-12] o.s.a.r.l.SimpleMessageListenerContainer : Restarting Consumer@521a72b3: tags=[[]], channel=null, acknowledgeMode=AUTO local queue size=0
2025-11-11T00:50:56.280+07:00  INFO 23960 --- [user-service] [springCloudBus.anonymous.yztRfz_9TUSoN__o7MJwoQ-13] o.s.a.r.c.CachingConnectionFactory       : Attempting to connect to: [localhost:5672]
2025-11-11T00:51:01.297+07:00  WARN 23960 --- [user-service] [springCloudBus.anonymous.yztRfz_9TUSoN__o7MJwoQ-13] o.s.a.r.l.SimpleMessageListenerContainer : Consumer raised exception, processing can restart if the connection factory supports it. Exception summary: org.springframework.amqp.AmqpConnectException: java.net.ConnectException: Connection refused: getsockopt
2025-11-11T00:51:01.297+07:00  INFO 23960 --- [user-service] [springCloudBus.anonymous.yztRfz_9TUSoN__o7MJwoQ-13] o.s.a.r.l.SimpleMessageListenerContainer : Restarting Consumer@7481ba6f: tags=[[]], channel=null, acknowledgeMode=AUTO local queue size=0
2025-11-11T00:51:01.299+07:00  INFO 23960 --- [user-service] [springCloudBus.anonymous.yztRfz_9TUSoN__o7MJwoQ-14] o.s.a.r.c.CachingConnectionFactory       : Attempting to connect to: [localhost:5672]
2025-11-11T00:51:06.316+07:00  WARN 23960 --- [user-service] [springCloudBus.anonymous.yztRfz_9TUSoN__o7MJwoQ-14] o.s.a.r.l.SimpleMessageListenerContainer : Consumer raised exception, processing can restart if the connection factory supports it. Exception summary: org.springframework.amqp.AmqpConnectException: java.net.ConnectException: Connection refused: getsockopt
2025-11-11T00:51:06.316+07:00  INFO 23960 --- [user-service] [springCloudBus.anonymous.yztRfz_9TUSoN__o7MJwoQ-14] o.s.a.r.l.SimpleMessageListenerContainer : Restarting Consumer@731f6edf: tags=[[]], channel=null, acknowledgeMode=AUTO local queue size=0
2025-11-11T00:51:06.317+07:00  INFO 23960 --- [user-service] [springCloudBus.anonymous.yztRfz_9TUSoN__o7MJwoQ-15] o.s.a.r.c.CachingConnectionFactory       : Attempting to connect to: [localhost:5672]
2025-11-11T00:51:11.334+07:00  WARN 23960 --- [user-service] [springCloudBus.anonymous.yztRfz_9TUSoN__o7MJwoQ-15] o.s.a.r.l.SimpleMessageListenerContainer : Consumer raised exception, processing can restart if the connection factory supports it. Exception summary: org.springframework.amqp.AmqpConnectException: java.net.ConnectException: Connection refused: getsockopt
2025-11-11T00:51:11.334+07:00  INFO 23960 --- [user-service] [springCloudBus.anonymous.yztRfz_9TUSoN__o7MJwoQ-15] o.s.a.r.l.SimpleMessageListenerContainer : Restarting Consumer@1230508b: tags=[[]], channel=null, acknowledgeMode=AUTO local queue size=0
2025-11-11T00:51:11.336+07:00  INFO 23960 --- [user-service] [springCloudBus.anonymous.yztRfz_9TUSoN__o7MJwoQ-16] o.s.a.r.c.CachingConnectionFactory       : Attempting to connect to: [localhost:5672]
2025-11-11T00:51:16.362+07:00  WARN 23960 --- [user-service] [springCloudBus.anonymous.yztRfz_9TUSoN__o7MJwoQ-16] o.s.a.r.l.SimpleMessageListenerContainer : Consumer raised exception, processing can restart if the connection factory supports it. Exception summary: org.springframework.amqp.AmqpConnectException: java.net.ConnectException: Connection refused: getsockopt
2025-11-11T00:51:16.362+07:00  INFO 23960 --- [user-service] [springCloudBus.anonymous.yztRfz_9TUSoN__o7MJwoQ-16] o.s.a.r.l.SimpleMessageListenerContainer : Restarting Consumer@7fa3c16a: tags=[[]], channel=null, acknowledgeMode=AUTO local queue size=0
2025-11-11T00:51:16.364+07:00  INFO 23960 --- [user-service] [springCloudBus.anonymous.yztRfz_9TUSoN__o7MJwoQ-17] o.s.a.r.c.CachingConnectionFactory       : Attempting to connect to: [localhost:5672]
2025-11-11T00:51:21.394+07:00  WARN 23960 --- [user-service] [springCloudBus.anonymous.yztRfz_9TUSoN__o7MJwoQ-17] o.s.a.r.l.SimpleMessageListenerContainer : Consumer raised exception, processing can restart if the connection factory supports it. Exception summary: org.springframework.amqp.AmqpConnectException: java.net.ConnectException: Connection refused: getsockopt
2025-11-11T00:51:21.394+07:00  INFO 23960 --- [user-service] [springCloudBus.anonymous.yztRfz_9TUSoN__o7MJwoQ-17] o.s.a.r.l.SimpleMessageListenerContainer : Restarting Consumer@1635c93e: tags=[[]], channel=null, acknowledgeMode=AUTO local queue size=0
2025-11-11T00:51:21.395+07:00  INFO 23960 --- [user-service] [springCloudBus.anonymous.yztRfz_9TUSoN__o7MJwoQ-18] o.s.a.r.c.CachingConnectionFactory       : Attempting to connect to: [localhost:5672]
2025-11-11T00:51:26.410+07:00  WARN 23960 --- [user-service] [springCloudBus.anonymous.yztRfz_9TUSoN__o7MJwoQ-18] o.s.a.r.l.SimpleMessageListenerContainer : Consumer raised exception, processing can restart if the connection factory supports it. Exception summary: org.springframework.amqp.AmqpConnectException: java.net.ConnectException: Connection refused: getsockopt
2025-11-11T00:51:26.410+07:00  INFO 23960 --- [user-service] [springCloudBus.anonymous.yztRfz_9TUSoN__o7MJwoQ-18] o.s.a.r.l.SimpleMessageListenerContainer : Restarting Consumer@681cb35f: tags=[[]], channel=null, acknowledgeMode=AUTO local queue size=0
2025-11-11T00:51:26.412+07:00  INFO 23960 --- [user-service] [springCloudBus.anonymous.yztRfz_9TUSoN__o7MJwoQ-19] o.s.a.r.c.CachingConnectionFactory       : Attempting to connect to: [localhost:5672]
2025-11-11T00:51:31.429+07:00  WARN 23960 --- [user-service] [springCloudBus.anonymous.yztRfz_9TUSoN__o7MJwoQ-19] o.s.a.r.l.SimpleMessageListenerContainer : Consumer raised exception, processing can restart if the connection factory supports it. Exception summary: org.springframework.amqp.AmqpConnectException: java.net.ConnectException: Connection refused: getsockopt
2025-11-11T00:51:31.429+07:00  INFO 23960 --- [user-service] [springCloudBus.anonymous.yztRfz_9TUSoN__o7MJwoQ-19] o.s.a.r.l.SimpleMessageListenerContainer : Restarting Consumer@64205720: tags=[[]], channel=null, acknowledgeMode=AUTO local queue size=0
2025-11-11T00:51:31.430+07:00  INFO 23960 --- [user-service] [springCloudBus.anonymous.yztRfz_9TUSoN__o7MJwoQ-20] o.s.a.r.c.CachingConnectionFactory       : Attempting to connect to: [localhost:5672]
2025-11-11T00:51:36.447+07:00  WARN 23960 --- [user-service] [springCloudBus.anonymous.yztRfz_9TUSoN__o7MJwoQ-20] o.s.a.r.l.SimpleMessageListenerContainer : Consumer raised exception, processing can restart if the connection factory supports it. Exception summary: org.springframework.amqp.AmqpConnectException: java.net.ConnectException: Connection refused: getsockopt
2025-11-11T00:51:36.447+07:00  INFO 23960 --- [user-service] [springCloudBus.anonymous.yztRfz_9TUSoN__o7MJwoQ-20] o.s.a.r.l.SimpleMessageListenerContainer : Restarting Consumer@3dda8cb7: tags=[[]], channel=null, acknowledgeMode=AUTO local queue size=0
2025-11-11T00:51:36.448+07:00  INFO 23960 --- [user-service] [springCloudBus.anonymous.yztRfz_9TUSoN__o7MJwoQ-21] o.s.a.r.c.CachingConnectionFactory       : Attempting to connect to: [localhost:5672]
2025-11-11T00:51:41.468+07:00  WARN 23960 --- [user-service] [springCloudBus.anonymous.yztRfz_9TUSoN__o7MJwoQ-21] o.s.a.r.l.SimpleMessageListenerContainer : Consumer raised exception, processing can restart if the connection factory supports it. Exception summary: org.springframework.amqp.AmqpConnectException: java.net.ConnectException: Connection refused: getsockopt
2025-11-11T00:51:41.468+07:00  INFO 23960 --- [user-service] [springCloudBus.anonymous.yztRfz_9TUSoN__o7MJwoQ-21] o.s.a.r.l.SimpleMessageListenerContainer : Restarting Consumer@391500ec: tags=[[]], channel=null, acknowledgeMode=AUTO local queue size=0
2025-11-11T00:51:41.470+07:00  INFO 23960 --- [user-service] [springCloudBus.anonymous.yztRfz_9TUSoN__o7MJwoQ-22] o.s.a.r.c.CachingConnectionFactory       : Attempting to connect to: [localhost:5672]
2025-11-11T00:51:46.485+07:00  WARN 23960 --- [user-service] [springCloudBus.anonymous.yztRfz_9TUSoN__o7MJwoQ-22] o.s.a.r.l.SimpleMessageListenerContainer : Consumer raised exception, processing can restart if the connection factory supports it. Exception summary: org.springframework.amqp.AmqpConnectException: java.net.ConnectException: Connection refused: getsockopt
2025-11-11T00:51:46.485+07:00  INFO 23960 --- [user-service] [springCloudBus.anonymous.yztRfz_9TUSoN__o7MJwoQ-22] o.s.a.r.l.SimpleMessageListenerContainer : Restarting Consumer@23352bcb: tags=[[]], channel=null, acknowledgeMode=AUTO local queue size=0
2025-11-11T00:51:46.486+07:00  INFO 23960 --- [user-service] [springCloudBus.anonymous.yztRfz_9TUSoN__o7MJwoQ-23] o.s.a.r.c.CachingConnectionFactory       : Attempting to connect to: [localhost:5672]
2025-11-11T00:51:51.501+07:00  WARN 23960 --- [user-service] [springCloudBus.anonymous.yztRfz_9TUSoN__o7MJwoQ-23] o.s.a.r.l.SimpleMessageListenerContainer : Consumer raised exception, processing can restart if the connection factory supports it. Exception summary: org.springframework.amqp.AmqpConnectException: java.net.ConnectException: Connection refused: getsockopt
2025-11-11T00:51:51.501+07:00  INFO 23960 --- [user-service] [springCloudBus.anonymous.yztRfz_9TUSoN__o7MJwoQ-23] o.s.a.r.l.SimpleMessageListenerContainer : Restarting Consumer@2f19177b: tags=[[]], channel=null, acknowledgeMode=AUTO local queue size=0
2025-11-11T00:51:51.502+07:00  INFO 23960 --- [user-service] [springCloudBus.anonymous.yztRfz_9TUSoN__o7MJwoQ-24] o.s.a.r.c.CachingConnectionFactory       : Attempting to connect to: [localhost:5672]
2025-11-11T00:51:56.519+07:00  WARN 23960 --- [user-service] [springCloudBus.anonymous.yztRfz_9TUSoN__o7MJwoQ-24] o.s.a.r.l.SimpleMessageListenerContainer : Consumer raised exception, processing can restart if the connection factory supports it. Exception summary: org.springframework.amqp.AmqpConnectException: java.net.ConnectException: Connection refused: getsockopt
2025-11-11T00:51:56.519+07:00  INFO 23960 --- [user-service] [springCloudBus.anonymous.yztRfz_9TUSoN__o7MJwoQ-24] o.s.a.r.l.SimpleMessageListenerContainer : Restarting Consumer@376cc0f: tags=[[]], channel=null, acknowledgeMode=AUTO local queue size=0
2025-11-11T00:51:56.521+07:00  INFO 23960 --- [user-service] [springCloudBus.anonymous.yztRfz_9TUSoN__o7MJwoQ-25] o.s.a.r.c.CachingConnectionFactory       : Attempting to connect to: [localhost:5672]
2025-11-11T00:52:01.534+07:00  WARN 23960 --- [user-service] [springCloudBus.anonymous.yztRfz_9TUSoN__o7MJwoQ-25] o.s.a.r.l.SimpleMessageListenerContainer : Consumer raised exception, processing can restart if the connection factory supports it. Exception summary: org.springframework.amqp.AmqpConnectException: java.net.ConnectException: Connection refused: getsockopt
2025-11-11T00:52:01.534+07:00  INFO 23960 --- [user-service] [springCloudBus.anonymous.yztRfz_9TUSoN__o7MJwoQ-25] o.s.a.r.l.SimpleMessageListenerContainer : Restarting Consumer@33e126ac: tags=[[]], channel=null, acknowledgeMode=AUTO local queue size=0
2025-11-11T00:52:01.534+07:00  INFO 23960 --- [user-service] [springCloudBus.anonymous.yztRfz_9TUSoN__o7MJwoQ-26] o.s.a.r.c.CachingConnectionFactory       : Attempting to connect to: [localhost:5672]
2025-11-11T00:52:06.561+07:00  WARN 23960 --- [user-service] [springCloudBus.anonymous.yztRfz_9TUSoN__o7MJwoQ-26] o.s.a.r.l.SimpleMessageListenerContainer : Consumer raised exception, processing can restart if the connection factory supports it. Exception summary: org.springframework.amqp.AmqpConnectException: java.net.ConnectException: Connection refused: getsockopt
2025-11-11T00:52:06.561+07:00  INFO 23960 --- [user-service] [springCloudBus.anonymous.yztRfz_9TUSoN__o7MJwoQ-26] o.s.a.r.l.SimpleMessageListenerContainer : Restarting Consumer@2feb8d23: tags=[[]], channel=null, acknowledgeMode=AUTO local queue size=0
2025-11-11T00:52:06.562+07:00  INFO 23960 --- [user-service] [springCloudBus.anonymous.yztRfz_9TUSoN__o7MJwoQ-27] o.s.a.r.c.CachingConnectionFactory       : Attempting to connect to: [localhost:5672]
2025-11-11T00:52:11.596+07:00  WARN 23960 --- [user-service] [springCloudBus.anonymous.yztRfz_9TUSoN__o7MJwoQ-27] o.s.a.r.l.SimpleMessageListenerContainer : Consumer raised exception, processing can restart if the connection factory supports it. Exception summary: org.springframework.amqp.AmqpConnectException: java.net.ConnectException: Connection refused: getsockopt
2025-11-11T00:52:11.596+07:00  INFO 23960 --- [user-service] [springCloudBus.anonymous.yztRfz_9TUSoN__o7MJwoQ-27] o.s.a.r.l.SimpleMessageListenerContainer : Restarting Consumer@78846492: tags=[[]], channel=null, acknowledgeMode=AUTO local queue size=0
2025-11-11T00:52:11.597+07:00  INFO 23960 --- [user-service] [springCloudBus.anonymous.yztRfz_9TUSoN__o7MJwoQ-28] o.s.a.r.c.CachingConnectionFactory       : Attempting to connect to: [localhost:5672]
2025-11-11T00:52:16.622+07:00  WARN 23960 --- [user-service] [springCloudBus.anonymous.yztRfz_9TUSoN__o7MJwoQ-28] o.s.a.r.l.SimpleMessageListenerContainer : Consumer raised exception, processing can restart if the connection factory supports it. Exception summary: org.springframework.amqp.AmqpConnectException: java.net.ConnectException: Connection refused: getsockopt
2025-11-11T00:52:16.622+07:00  INFO 23960 --- [user-service] [springCloudBus.anonymous.yztRfz_9TUSoN__o7MJwoQ-28] o.s.a.r.l.SimpleMessageListenerContainer : Restarting Consumer@1bc07c5d: tags=[[]], channel=null, acknowledgeMode=AUTO local queue size=0
2025-11-11T00:52:16.623+07:00  INFO 23960 --- [user-service] [springCloudBus.anonymous.yztRfz_9TUSoN__o7MJwoQ-29] o.s.a.r.c.CachingConnectionFactory       : Attempting to connect to: [localhost:5672]
2025-11-11T00:52:21.636+07:00  WARN 23960 --- [user-service] [springCloudBus.anonymous.yztRfz_9TUSoN__o7MJwoQ-29] o.s.a.r.l.SimpleMessageListenerContainer : Consumer raised exception, processing can restart if the connection factory supports it. Exception summary: org.springframework.amqp.AmqpConnectException: java.net.ConnectException: Connection refused: getsockopt
2025-11-11T00:52:21.636+07:00  INFO 23960 --- [user-service] [springCloudBus.anonymous.yztRfz_9TUSoN__o7MJwoQ-29] o.s.a.r.l.SimpleMessageListenerContainer : Restarting Consumer@7e77e88d: tags=[[]], channel=null, acknowledgeMode=AUTO local queue size=0
2025-11-11T00:52:21.637+07:00  INFO 23960 --- [user-service] [springCloudBus.anonymous.yztRfz_9TUSoN__o7MJwoQ-30] o.s.a.r.c.CachingConnectionFactory       : Attempting to connect to: [localhost:5672]
2025-11-11T00:52:26.659+07:00  WARN 23960 --- [user-service] [springCloudBus.anonymous.yztRfz_9TUSoN__o7MJwoQ-30] o.s.a.r.l.SimpleMessageListenerContainer : Consumer raised exception, processing can restart if the connection factory supports it. Exception summary: org.springframework.amqp.AmqpConnectException: java.net.ConnectException: Connection refused: getsockopt
2025-11-11T00:52:26.659+07:00  INFO 23960 --- [user-service] [springCloudBus.anonymous.yztRfz_9TUSoN__o7MJwoQ-30] o.s.a.r.l.SimpleMessageListenerContainer : Restarting Consumer@647a2bb1: tags=[[]], channel=null, acknowledgeMode=AUTO local queue size=0
2025-11-11T00:52:26.660+07:00  INFO 23960 --- [user-service] [springCloudBus.anonymous.yztRfz_9TUSoN__o7MJwoQ-31] o.s.a.r.c.CachingConnectionFactory       : Attempting to connect to: [localhost:5672]
2025-11-11T00:52:31.695+07:00  WARN 23960 --- [user-service] [springCloudBus.anonymous.yztRfz_9TUSoN__o7MJwoQ-31] o.s.a.r.l.SimpleMessageListenerContainer : Consumer raised exception, processing can restart if the connection factory supports it. Exception summary: org.springframework.amqp.AmqpConnectException: java.net.ConnectException: Connection refused: getsockopt
2025-11-11T00:52:31.695+07:00  INFO 23960 --- [user-service] [springCloudBus.anonymous.yztRfz_9TUSoN__o7MJwoQ-31] o.s.a.r.l.SimpleMessageListenerContainer : Restarting Consumer@2cea1181: tags=[[]], channel=null, acknowledgeMode=AUTO local queue size=0
2025-11-11T00:52:31.696+07:00  INFO 23960 --- [user-service] [springCloudBus.anonymous.yztRfz_9TUSoN__o7MJwoQ-32] o.s.a.r.c.CachingConnectionFactory       : Attempting to connect to: [localhost:5672]
2025-11-11T00:52:36.712+07:00  WARN 23960 --- [user-service] [springCloudBus.anonymous.yztRfz_9TUSoN__o7MJwoQ-32] o.s.a.r.l.SimpleMessageListenerContainer : Consumer raised exception, processing can restart if the connection factory supports it. Exception summary: org.springframework.amqp.AmqpConnectException: java.net.ConnectException: Connection refused: getsockopt
2025-11-11T00:52:36.712+07:00  INFO 23960 --- [user-service] [springCloudBus.anonymous.yztRfz_9TUSoN__o7MJwoQ-32] o.s.a.r.l.SimpleMessageListenerContainer : Restarting Consumer@c4a94d: tags=[[]], channel=null, acknowledgeMode=AUTO local queue size=0
2025-11-11T00:52:36.714+07:00  INFO 23960 --- [user-service] [springCloudBus.anonymous.yztRfz_9TUSoN__o7MJwoQ-33] o.s.a.r.c.CachingConnectionFactory       : Attempting to connect to: [localhost:5672]
2025-11-11T00:52:41.748+07:00  WARN 23960 --- [user-service] [springCloudBus.anonymous.yztRfz_9TUSoN__o7MJwoQ-33] o.s.a.r.l.SimpleMessageListenerContainer : Consumer raised exception, processing can restart if the connection factory supports it. Exception summary: org.springframework.amqp.AmqpConnectException: java.net.ConnectException: Connection refused: getsockopt
2025-11-11T00:52:41.748+07:00  INFO 23960 --- [user-service] [springCloudBus.anonymous.yztRfz_9TUSoN__o7MJwoQ-33] o.s.a.r.l.SimpleMessageListenerContainer : Restarting Consumer@77045f80: tags=[[]], channel=null, acknowledgeMode=AUTO local queue size=0
2025-11-11T00:52:41.749+07:00  INFO 23960 --- [user-service] [springCloudBus.anonymous.yztRfz_9TUSoN__o7MJwoQ-34] o.s.a.r.c.CachingConnectionFactory       : Attempting to connect to: [localhost:5672]
2025-11-11T00:52:46.775+07:00  WARN 23960 --- [user-service] [springCloudBus.anonymous.yztRfz_9TUSoN__o7MJwoQ-34] o.s.a.r.l.SimpleMessageListenerContainer : Consumer raised exception, processing can restart if the connection factory supports it. Exception summary: org.springframework.amqp.AmqpConnectException: java.net.ConnectException: Connection refused: getsockopt
2025-11-11T00:52:46.775+07:00  INFO 23960 --- [user-service] [springCloudBus.anonymous.yztRfz_9TUSoN__o7MJwoQ-34] o.s.a.r.l.SimpleMessageListenerContainer : Restarting Consumer@4f7dc69c: tags=[[]], channel=null, acknowledgeMode=AUTO local queue size=0
2025-11-11T00:52:46.777+07:00  INFO 23960 --- [user-service] [springCloudBus.anonymous.yztRfz_9TUSoN__o7MJwoQ-35] o.s.a.r.c.CachingConnectionFactory       : Attempting to connect to: [localhost:5672]
2025-11-11T00:52:51.812+07:00  WARN 23960 --- [user-service] [springCloudBus.anonymous.yztRfz_9TUSoN__o7MJwoQ-35] o.s.a.r.l.SimpleMessageListenerContainer : Consumer raised exception, processing can restart if the connection factory supports it. Exception summary: org.springframework.amqp.AmqpConnectException: java.net.ConnectException: Connection refused: getsockopt
2025-11-11T00:52:51.812+07:00  INFO 23960 --- [user-service] [springCloudBus.anonymous.yztRfz_9TUSoN__o7MJwoQ-35] o.s.a.r.l.SimpleMessageListenerContainer : Restarting Consumer@68d13c1b: tags=[[]], channel=null, acknowledgeMode=AUTO local queue size=0
2025-11-11T00:52:51.814+07:00  INFO 23960 --- [user-service] [springCloudBus.anonymous.yztRfz_9TUSoN__o7MJwoQ-36] o.s.a.r.c.CachingConnectionFactory       : Attempting to connect to: [localhost:5672]
2025-11-11T00:52:56.826+07:00  WARN 23960 --- [user-service] [springCloudBus.anonymous.yztRfz_9TUSoN__o7MJwoQ-36] o.s.a.r.l.SimpleMessageListenerContainer : Consumer raised exception, processing can restart if the connection factory supports it. Exception summary: org.springframework.amqp.AmqpConnectException: java.net.ConnectException: Connection refused: getsockopt
2025-11-11T00:52:56.826+07:00  INFO 23960 --- [user-service] [springCloudBus.anonymous.yztRfz_9TUSoN__o7MJwoQ-36] o.s.a.r.l.SimpleMessageListenerContainer : Restarting Consumer@7ceb981: tags=[[]], channel=null, acknowledgeMode=AUTO local queue size=0
2025-11-11T00:52:56.827+07:00  INFO 23960 --- [user-service] [springCloudBus.anonymous.yztRfz_9TUSoN__o7MJwoQ-37] o.s.a.r.c.CachingConnectionFactory       : Attempting to connect to: [localhost:5672]
2025-11-11T00:53:01.840+07:00  WARN 23960 --- [user-service] [springCloudBus.anonymous.yztRfz_9TUSoN__o7MJwoQ-37] o.s.a.r.l.SimpleMessageListenerContainer : Consumer raised exception, processing can restart if the connection factory supports it. Exception summary: org.springframework.amqp.AmqpConnectException: java.net.ConnectException: Connection refused: getsockopt
2025-11-11T00:53:01.840+07:00  INFO 23960 --- [user-service] [springCloudBus.anonymous.yztRfz_9TUSoN__o7MJwoQ-37] o.s.a.r.l.SimpleMessageListenerContainer : Restarting Consumer@2d3052a1: tags=[[]], channel=null, acknowledgeMode=AUTO local queue size=0
2025-11-11T00:53:01.841+07:00  INFO 23960 --- [user-service] [springCloudBus.anonymous.yztRfz_9TUSoN__o7MJwoQ-38] o.s.a.r.c.CachingConnectionFactory       : Attempting to connect to: [localhost:5672]
2025-11-11T00:53:06.855+07:00  WARN 23960 --- [user-service] [springCloudBus.anonymous.yztRfz_9TUSoN__o7MJwoQ-38] o.s.a.r.l.SimpleMessageListenerContainer : Consumer raised exception, processing can restart if the connection factory supports it. Exception summary: org.springframework.amqp.AmqpConnectException: java.net.ConnectException: Connection refused: getsockopt
2025-11-11T00:53:06.855+07:00  INFO 23960 --- [user-service] [springCloudBus.anonymous.yztRfz_9TUSoN__o7MJwoQ-38] o.s.a.r.l.SimpleMessageListenerContainer : Restarting Consumer@306b6ddc: tags=[[]], channel=null, acknowledgeMode=AUTO local queue size=0
2025-11-11T00:53:06.857+07:00  INFO 23960 --- [user-service] [springCloudBus.anonymous.yztRfz_9TUSoN__o7MJwoQ-39] o.s.a.r.c.CachingConnectionFactory       : Attempting to connect to: [localhost:5672]
2025-11-11T00:53:11.869+07:00  WARN 23960 --- [user-service] [springCloudBus.anonymous.yztRfz_9TUSoN__o7MJwoQ-39] o.s.a.r.l.SimpleMessageListenerContainer : Consumer raised exception, processing can restart if the connection factory supports it. Exception summary: org.springframework.amqp.AmqpConnectException: java.net.ConnectException: Connection refused: getsockopt
2025-11-11T00:53:11.869+07:00  INFO 23960 --- [user-service] [springCloudBus.anonymous.yztRfz_9TUSoN__o7MJwoQ-39] o.s.a.r.l.SimpleMessageListenerContainer : Restarting Consumer@2f1d2b96: tags=[[]], channel=null, acknowledgeMode=AUTO local queue size=0
2025-11-11T00:53:11.870+07:00  INFO 23960 --- [user-service] [springCloudBus.anonymous.yztRfz_9TUSoN__o7MJwoQ-40] o.s.a.r.c.CachingConnectionFactory       : Attempting to connect to: [localhost:5672]
2025-11-11T00:53:16.891+07:00  WARN 23960 --- [user-service] [springCloudBus.anonymous.yztRfz_9TUSoN__o7MJwoQ-40] o.s.a.r.l.SimpleMessageListenerContainer : Consumer raised exception, processing can restart if the connection factory supports it. Exception summary: org.springframework.amqp.AmqpConnectException: java.net.ConnectException: Connection refused: getsockopt
2025-11-11T00:53:16.891+07:00  INFO 23960 --- [user-service] [springCloudBus.anonymous.yztRfz_9TUSoN__o7MJwoQ-40] o.s.a.r.l.SimpleMessageListenerContainer : Restarting Consumer@225a8b5d: tags=[[]], channel=null, acknowledgeMode=AUTO local queue size=0
2025-11-11T00:53:16.892+07:00  INFO 23960 --- [user-service] [springCloudBus.anonymous.yztRfz_9TUSoN__o7MJwoQ-41] o.s.a.r.c.CachingConnectionFactory       : Attempting to connect to: [localhost:5672]
2025-11-11T00:53:21.914+07:00  WARN 23960 --- [user-service] [springCloudBus.anonymous.yztRfz_9TUSoN__o7MJwoQ-41] o.s.a.r.l.SimpleMessageListenerContainer : Consumer raised exception, processing can restart if the connection factory supports it. Exception summary: org.springframework.amqp.AmqpConnectException: java.net.ConnectException: Connection refused: getsockopt
2025-11-11T00:53:21.914+07:00  INFO 23960 --- [user-service] [springCloudBus.anonymous.yztRfz_9TUSoN__o7MJwoQ-41] o.s.a.r.l.SimpleMessageListenerContainer : Restarting Consumer@69cf6ec8: tags=[[]], channel=null, acknowledgeMode=AUTO local queue size=0
2025-11-11T00:53:21.915+07:00  INFO 23960 --- [user-service] [springCloudBus.anonymous.yztRfz_9TUSoN__o7MJwoQ-42] o.s.a.r.c.CachingConnectionFactory       : Attempting to connect to: [localhost:5672]
2025-11-11T00:53:26.951+07:00  WARN 23960 --- [user-service] [springCloudBus.anonymous.yztRfz_9TUSoN__o7MJwoQ-42] o.s.a.r.l.SimpleMessageListenerContainer : Consumer raised exception, processing can restart if the connection factory supports it. Exception summary: org.springframework.amqp.AmqpConnectException: java.net.ConnectException: Connection refused: getsockopt
2025-11-11T00:53:26.951+07:00  INFO 23960 --- [user-service] [springCloudBus.anonymous.yztRfz_9TUSoN__o7MJwoQ-42] o.s.a.r.l.SimpleMessageListenerContainer : Restarting Consumer@55bda27f: tags=[[]], channel=null, acknowledgeMode=AUTO local queue size=0
2025-11-11T00:53:26.952+07:00  INFO 23960 --- [user-service] [springCloudBus.anonymous.yztRfz_9TUSoN__o7MJwoQ-43] o.s.a.r.c.CachingConnectionFactory       : Attempting to connect to: [localhost:5672]
2025-11-11T00:53:31.986+07:00  WARN 23960 --- [user-service] [springCloudBus.anonymous.yztRfz_9TUSoN__o7MJwoQ-43] o.s.a.r.l.SimpleMessageListenerContainer : Consumer raised exception, processing can restart if the connection factory supports it. Exception summary: org.springframework.amqp.AmqpConnectException: java.net.ConnectException: Connection refused: getsockopt
2025-11-11T00:53:31.986+07:00  INFO 23960 --- [user-service] [springCloudBus.anonymous.yztRfz_9TUSoN__o7MJwoQ-43] o.s.a.r.l.SimpleMessageListenerContainer : Restarting Consumer@1c07eec: tags=[[]], channel=null, acknowledgeMode=AUTO local queue size=0
2025-11-11T00:53:31.987+07:00  INFO 23960 --- [user-service] [springCloudBus.anonymous.yztRfz_9TUSoN__o7MJwoQ-44] o.s.a.r.c.CachingConnectionFactory       : Attempting to connect to: [localhost:5672]
2025-11-11T00:53:37.004+07:00  WARN 23960 --- [user-service] [springCloudBus.anonymous.yztRfz_9TUSoN__o7MJwoQ-44] o.s.a.r.l.SimpleMessageListenerContainer : Consumer raised exception, processing can restart if the connection factory supports it. Exception summary: org.springframework.amqp.AmqpConnectException: java.net.ConnectException: Connection refused: getsockopt
2025-11-11T00:53:37.005+07:00  INFO 23960 --- [user-service] [springCloudBus.anonymous.yztRfz_9TUSoN__o7MJwoQ-44] o.s.a.r.l.SimpleMessageListenerContainer : Restarting Consumer@53513d44: tags=[[]], channel=null, acknowledgeMode=AUTO local queue size=0
2025-11-11T00:53:37.006+07:00  INFO 23960 --- [user-service] [springCloudBus.anonymous.yztRfz_9TUSoN__o7MJwoQ-45] o.s.a.r.c.CachingConnectionFactory       : Attempting to connect to: [localhost:5672]
2025-11-11T00:53:42.030+07:00  WARN 23960 --- [user-service] [springCloudBus.anonymous.yztRfz_9TUSoN__o7MJwoQ-45] o.s.a.r.l.SimpleMessageListenerContainer : Consumer raised exception, processing can restart if the connection factory supports it. Exception summary: org.springframework.amqp.AmqpConnectException: java.net.ConnectException: Connection refused: getsockopt
2025-11-11T00:53:42.030+07:00  INFO 23960 --- [user-service] [springCloudBus.anonymous.yztRfz_9TUSoN__o7MJwoQ-45] o.s.a.r.l.SimpleMessageListenerContainer : Restarting Consumer@3e154311: tags=[[]], channel=null, acknowledgeMode=AUTO local queue size=0
2025-11-11T00:53:42.031+07:00  INFO 23960 --- [user-service] [springCloudBus.anonymous.yztRfz_9TUSoN__o7MJwoQ-46] o.s.a.r.c.CachingConnectionFactory       : Attempting to connect to: [localhost:5672]
2025-11-11T00:53:47.048+07:00  WARN 23960 --- [user-service] [springCloudBus.anonymous.yztRfz_9TUSoN__o7MJwoQ-46] o.s.a.r.l.SimpleMessageListenerContainer : Consumer raised exception, processing can restart if the connection factory supports it. Exception summary: org.springframework.amqp.AmqpConnectException: java.net.ConnectException: Connection refused: getsockopt
2025-11-11T00:53:47.048+07:00  INFO 23960 --- [user-service] [springCloudBus.anonymous.yztRfz_9TUSoN__o7MJwoQ-46] o.s.a.r.l.SimpleMessageListenerContainer : Restarting Consumer@b38644a: tags=[[]], channel=null, acknowledgeMode=AUTO local queue size=0
2025-11-11T00:53:47.050+07:00  INFO 23960 --- [user-service] [springCloudBus.anonymous.yztRfz_9TUSoN__o7MJwoQ-47] o.s.a.r.c.CachingConnectionFactory       : Attempting to connect to: [localhost:5672]
2025-11-11T00:53:52.065+07:00  WARN 23960 --- [user-service] [springCloudBus.anonymous.yztRfz_9TUSoN__o7MJwoQ-47] o.s.a.r.l.SimpleMessageListenerContainer : Consumer raised exception, processing can restart if the connection factory supports it. Exception summary: org.springframework.amqp.AmqpConnectException: java.net.ConnectException: Connection refused: getsockopt
2025-11-11T00:53:52.065+07:00  INFO 23960 --- [user-service] [springCloudBus.anonymous.yztRfz_9TUSoN__o7MJwoQ-47] o.s.a.r.l.SimpleMessageListenerContainer : Restarting Consumer@638142a8: tags=[[]], channel=null, acknowledgeMode=AUTO local queue size=0
2025-11-11T00:53:52.066+07:00  INFO 23960 --- [user-service] [springCloudBus.anonymous.yztRfz_9TUSoN__o7MJwoQ-48] o.s.a.r.c.CachingConnectionFactory       : Attempting to connect to: [localhost:5672]
2025-11-11T00:53:57.093+07:00  WARN 23960 --- [user-service] [springCloudBus.anonymous.yztRfz_9TUSoN__o7MJwoQ-48] o.s.a.r.l.SimpleMessageListenerContainer : Consumer raised exception, processing can restart if the connection factory supports it. Exception summary: org.springframework.amqp.AmqpConnectException: java.net.ConnectException: Connection refused: getsockopt
2025-11-11T00:53:57.093+07:00  INFO 23960 --- [user-service] [springCloudBus.anonymous.yztRfz_9TUSoN__o7MJwoQ-48] o.s.a.r.l.SimpleMessageListenerContainer : Restarting Consumer@4232d1d8: tags=[[]], channel=null, acknowledgeMode=AUTO local queue size=0
2025-11-11T00:53:57.095+07:00  INFO 23960 --- [user-service] [springCloudBus.anonymous.yztRfz_9TUSoN__o7MJwoQ-49] o.s.a.r.c.CachingConnectionFactory       : Attempting to connect to: [localhost:5672]
2025-11-11T00:54:02.119+07:00  WARN 23960 --- [user-service] [springCloudBus.anonymous.yztRfz_9TUSoN__o7MJwoQ-49] o.s.a.r.l.SimpleMessageListenerContainer : Consumer raised exception, processing can restart if the connection factory supports it. Exception summary: org.springframework.amqp.AmqpConnectException: java.net.ConnectException: Connection refused: getsockopt
2025-11-11T00:54:02.119+07:00  INFO 23960 --- [user-service] [springCloudBus.anonymous.yztRfz_9TUSoN__o7MJwoQ-49] o.s.a.r.l.SimpleMessageListenerContainer : Restarting Consumer@1d54cbf9: tags=[[]], channel=null, acknowledgeMode=AUTO local queue size=0
2025-11-11T00:54:02.120+07:00  INFO 23960 --- [user-service] [springCloudBus.anonymous.yztRfz_9TUSoN__o7MJwoQ-50] o.s.a.r.c.CachingConnectionFactory       : Attempting to connect to: [localhost:5672]
2025-11-11T00:54:07.132+07:00  WARN 23960 --- [user-service] [springCloudBus.anonymous.yztRfz_9TUSoN__o7MJwoQ-50] o.s.a.r.l.SimpleMessageListenerContainer : Consumer raised exception, processing can restart if the connection factory supports it. Exception summary: org.springframework.amqp.AmqpConnectException: java.net.ConnectException: Connection refused: getsockopt
2025-11-11T00:54:07.132+07:00  INFO 23960 --- [user-service] [springCloudBus.anonymous.yztRfz_9TUSoN__o7MJwoQ-50] o.s.a.r.l.SimpleMessageListenerContainer : Restarting Consumer@487c4182: tags=[[]], channel=null, acknowledgeMode=AUTO local queue size=0
2025-11-11T00:54:07.133+07:00  INFO 23960 --- [user-service] [springCloudBus.anonymous.yztRfz_9TUSoN__o7MJwoQ-51] o.s.a.r.c.CachingConnectionFactory       : Attempting to connect to: [localhost:5672]
2025-11-11T00:54:12.161+07:00  WARN 23960 --- [user-service] [springCloudBus.anonymous.yztRfz_9TUSoN__o7MJwoQ-51] o.s.a.r.l.SimpleMessageListenerContainer : Consumer raised exception, processing can restart if the connection factory supports it. Exception summary: org.springframework.amqp.AmqpConnectException: java.net.ConnectException: Connection refused: getsockopt
2025-11-11T00:54:12.161+07:00  INFO 23960 --- [user-service] [springCloudBus.anonymous.yztRfz_9TUSoN__o7MJwoQ-51] o.s.a.r.l.SimpleMessageListenerContainer : Restarting Consumer@7965cdcd: tags=[[]], channel=null, acknowledgeMode=AUTO local queue size=0
2025-11-11T00:54:12.162+07:00  INFO 23960 --- [user-service] [springCloudBus.anonymous.yztRfz_9TUSoN__o7MJwoQ-52] o.s.a.r.c.CachingConnectionFactory       : Attempting to connect to: [localhost:5672]
2025-11-11T00:54:17.179+07:00  WARN 23960 --- [user-service] [springCloudBus.anonymous.yztRfz_9TUSoN__o7MJwoQ-52] o.s.a.r.l.SimpleMessageListenerContainer : Consumer raised exception, processing can restart if the connection factory supports it. Exception summary: org.springframework.amqp.AmqpConnectException: java.net.ConnectException: Connection refused: getsockopt
2025-11-11T00:54:17.179+07:00  INFO 23960 --- [user-service] [springCloudBus.anonymous.yztRfz_9TUSoN__o7MJwoQ-52] o.s.a.r.l.SimpleMessageListenerContainer : Restarting Consumer@6d1589db: tags=[[]], channel=null, acknowledgeMode=AUTO local queue size=0
2025-11-11T00:54:17.180+07:00  INFO 23960 --- [user-service] [springCloudBus.anonymous.yztRfz_9TUSoN__o7MJwoQ-53] o.s.a.r.c.CachingConnectionFactory       : Attempting to connect to: [localhost:5672]
2025-11-11T00:54:21.123+07:00  INFO 23960 --- [user-service] [SpringApplicationShutdownHook] o.s.c.n.e.s.EurekaServiceRegistry        : Unregistering application USER-SERVICE with eureka with status DOWN
2025-11-11T00:54:21.124+07:00  INFO 23960 --- [user-service] [SpringApplicationShutdownHook] com.netflix.discovery.DiscoveryClient    : Saw local status change event StatusChangeEvent [timestamp=1762797261124, current=DOWN, previous=UP]
2025-11-11T00:54:21.124+07:00  INFO 23960 --- [user-service] [DiscoveryClient-InstanceInfoReplicator-%d] com.netflix.discovery.DiscoveryClient    : DiscoveryClient_USER-SERVICE/localhost:user-service:8082: registering service...
2025-11-11T00:54:21.139+07:00  INFO 23960 --- [user-service] [SpringApplicationShutdownHook] o.s.b.w.e.tomcat.GracefulShutdown        : Commencing graceful shutdown. Waiting for active requests to complete
2025-11-11T00:54:21.140+07:00  INFO 23960 --- [user-service] [DiscoveryClient-InstanceInfoReplicator-%d] com.netflix.discovery.DiscoveryClient    : DiscoveryClient_USER-SERVICE/localhost:user-service:8082 - registration status: 204
2025-11-11T00:54:21.154+07:00  INFO 23960 --- [user-service] [tomcat-shutdown] o.s.b.w.e.tomcat.GracefulShutdown        : Graceful shutdown complete
2025-11-11T00:54:21.161+07:00  INFO 23960 --- [user-service] [SpringApplicationShutdownHook] o.s.a.r.l.SimpleMessageListenerContainer : Waiting for workers to finish.
2025-11-11T00:54:21.161+07:00  INFO 23960 --- [user-service] [SpringApplicationShutdownHook] o.s.a.r.l.SimpleMessageListenerContainer : Successfully waited for workers to finish.
2025-11-11T00:54:21.162+07:00  INFO 23960 --- [user-service] [SpringApplicationShutdownHook] o.s.i.a.i.AmqpInboundChannelAdapter      : stopped bean 'inbound.springCloudBus.anonymous.yztRfz_9TUSoN__o7MJwoQ'
2025-11-11T00:54:21.183+07:00  INFO 23960 --- [user-service] [SpringApplicationShutdownHook] o.s.c.stream.binder.BinderErrorChannel   : Channel 'user-service.rabbit-41141427.springCloudBusInput.errors' has 1 subscriber(s).
2025-11-11T00:54:21.184+07:00  INFO 23960 --- [user-service] [SpringApplicationShutdownHook] o.s.c.stream.binder.BinderErrorChannel   : Channel 'user-service.rabbit-41141427.springCloudBusInput.errors' has 0 subscriber(s).
2025-11-11T00:54:21.227+07:00  INFO 23960 --- [user-service] [SpringApplicationShutdownHook] o.s.i.endpoint.EventDrivenConsumer       : Removing {logging-channel-adapter:_org.springframework.integration.errorLogger} as a subscriber to the 'errorChannel' channel
2025-11-11T00:54:21.228+07:00  INFO 23960 --- [user-service] [SpringApplicationShutdownHook] o.s.i.channel.PublishSubscribeChannel    : Channel 'user-service.errorChannel' has 0 subscriber(s).
2025-11-11T00:54:21.228+07:00  INFO 23960 --- [user-service] [SpringApplicationShutdownHook] o.s.i.endpoint.EventDrivenConsumer       : stopped bean '_org.springframework.integration.errorLogger'
2025-11-11T00:54:21.250+07:00  INFO 23960 --- [user-service] [SpringApplicationShutdownHook] com.netflix.discovery.DiscoveryClient    : Shutting down DiscoveryClient ...
2025-11-11T00:54:24.253+07:00  INFO 23960 --- [user-service] [SpringApplicationShutdownHook] com.netflix.discovery.DiscoveryClient    : Unregistering ...
2025-11-11T00:54:24.259+07:00  INFO 23960 --- [user-service] [SpringApplicationShutdownHook] com.netflix.discovery.DiscoveryClient    : DiscoveryClient_USER-SERVICE/localhost:user-service:8082 - deregister  status: 200
2025-11-11T00:54:24.260+07:00  INFO 23960 --- [user-service] [SpringApplicationShutdownHook] com.netflix.discovery.DiscoveryClient    : Completed shut down of DiscoveryClient
