2025-11-11T00:58:42.922+07:00  INFO 23076 --- [user-service] [main] com.ecommerce.user.UserApplication       : Starting UserApplication using Java 25 with PID 23076 (D:\ecom-microservices\user\target\classes started by Admin in D:\ecom-microservices)
2025-11-11T00:58:42.926+07:00  INFO 23076 --- [user-service] [main] com.ecommerce.user.UserApplication       : No active profile set, falling back to 1 default profile: "default"
2025-11-11T00:58:42.985+07:00  INFO 23076 --- [user-service] [main] o.s.c.c.c.ConfigServerConfigDataLoader   : Fetching config from server at : http://localhost:8888
2025-11-11T00:58:42.985+07:00  INFO 23076 --- [user-service] [main] o.s.c.c.c.ConfigServerConfigDataLoader   : Located environment: name=user-service, profiles=[default], label=null, version=null, state=null
2025-11-11T00:58:45.293+07:00  INFO 23076 --- [user-service] [main] .s.d.r.c.RepositoryConfigurationDelegate : Bootstrapping Spring Data MongoDB repositories in DEFAULT mode.
2025-11-11T00:58:45.471+07:00  INFO 23076 --- [user-service] [main] .s.d.r.c.RepositoryConfigurationDelegate : Finished Spring Data repository scanning in 166 ms. Found 1 MongoDB repository interface.
2025-11-11T00:58:45.967+07:00  INFO 23076 --- [user-service] [main] faultConfiguringBeanFactoryPostProcessor : No bean named 'errorChannel' has been explicitly defined. Therefore, a default PublishSubscribeChannel will be created.
2025-11-11T00:58:45.980+07:00  INFO 23076 --- [user-service] [main] faultConfiguringBeanFactoryPostProcessor : No bean named 'integrationHeaderChannelRegistry' has been explicitly defined. Therefore, a default DefaultHeaderChannelRegistry will be created.
2025-11-11T00:58:46.313+07:00  INFO 23076 --- [user-service] [main] o.s.cloud.context.scope.GenericScope     : BeanFactory id=0742534e-e2e3-3682-b060-873a5097d704
2025-11-11T00:58:47.353+07:00  INFO 23076 --- [user-service] [main] o.s.b.w.embedded.tomcat.TomcatWebServer  : Tomcat initialized with port 8082 (http)
2025-11-11T00:58:47.397+07:00  INFO 23076 --- [user-service] [main] o.apache.catalina.core.StandardService   : Starting service [Tomcat]
2025-11-11T00:58:47.400+07:00  INFO 23076 --- [user-service] [main] o.apache.catalina.core.StandardEngine    : Starting Servlet engine: [Apache Tomcat/10.1.46]
2025-11-11T00:58:47.560+07:00  INFO 23076 --- [user-service] [main] o.a.c.c.C.[Tomcat].[localhost].[/]       : Initializing Spring embedded WebApplicationContext
2025-11-11T00:58:47.560+07:00  INFO 23076 --- [user-service] [main] w.s.c.ServletWebServerApplicationContext : Root WebApplicationContext: initialization completed in 4573 ms
2025-11-11T00:58:48.446+07:00  INFO 23076 --- [user-service] [main] org.mongodb.driver.client                : MongoClient with metadata {"driver": {"name": "mongo-java-driver|sync|spring-boot", "version": "5.5.1"}, "os": {"type": "Windows", "name": "Windows 11", "architecture": "amd64", "version": "10.0"}, "platform": "Java/Oracle Corporation/25+37-LTS-3491"} created with settings MongoClientSettings{readPreference=primary, writeConcern=WriteConcern{w=null, wTimeout=null ms, journal=null}, retryWrites=true, retryReads=true, readConcern=ReadConcern{level=null}, credential=null, transportSettings=null, commandListeners=[io.micrometer.core.instrument.binder.mongodb.MongoMetricsCommandListener@70e5737f], codecRegistry=ProvidersCodecRegistry{codecProviders=[ValueCodecProvider{}, BsonValueCodecProvider{}, DBRefCodecProvider{}, DBObjectCodecProvider{}, DocumentCodecProvider{}, CollectionCodecProvider{}, IterableCodecProvider{}, MapCodecProvider{}, GeoJsonCodecProvider{}, GridFSFileCodecProvider{}, Jsr310CodecProvider{}, JsonObjectCodecProvider{}, BsonCodecProvider{}, EnumCodecProvider{}, com.mongodb.client.model.mql.ExpressionCodecProvider@9746157, com.mongodb.Jep395RecordCodecProvider@10ad95cd, com.mongodb.KotlinCodecProvider@69fd99c1]}, loggerSettings=LoggerSettings{maxDocumentLength=1000}, clusterSettings={hosts=[localhost:27017], srvServiceName=mongodb, mode=SINGLE, requiredClusterType=UNKNOWN, requiredReplicaSetName='null', serverSelector='null', clusterListeners='[]', serverSelectionTimeout='30000 ms', localThreshold='15 ms'}, socketSettings=SocketSettings{connectTimeoutMS=10000, readTimeoutMS=0, receiveBufferSize=0, proxySettings=ProxySettings{host=null, port=null, username=null, password=null}}, heartbeatSocketSettings=SocketSettings{connectTimeoutMS=10000, readTimeoutMS=10000, receiveBufferSize=0, proxySettings=ProxySettings{host=null, port=null, username=null, password=null}}, connectionPoolSettings=ConnectionPoolSettings{maxSize=100, minSize=0, maxWaitTimeMS=120000, maxConnectionLifeTimeMS=0, maxConnectionIdleTimeMS=0, maintenanceInitialDelayMS=0, maintenanceFrequencyMS=60000, connectionPoolListeners=[io.micrometer.core.instrument.binder.mongodb.MongoMetricsConnectionPoolListener@32d8710a], maxConnecting=2}, serverSettings=ServerSettings{heartbeatFrequencyMS=10000, minHeartbeatFrequencyMS=500, serverMonitoringMode=AUTO, serverListeners='[]', serverMonitorListeners='[]'}, sslSettings=SslSettings{enabled=false, invalidHostNameAllowed=false, context=null}, applicationName='null', compressorList=[], uuidRepresentation=JAVA_LEGACY, serverApi=null, autoEncryptionSettings=null, dnsClient=null, inetAddressResolver=null, contextProvider=null, timeoutMS=null}
2025-11-11T00:58:48.503+07:00  INFO 23076 --- [user-service] [cluster-ClusterId{value='691227d8356c47097fc2f656', description='null'}-localhost:27017] org.mongodb.driver.cluster               : Monitor thread successfully connected to server with description ServerDescription{address=localhost:27017, type=STANDALONE, cryptd=false, state=CONNECTED, ok=true, minWireVersion=0, maxWireVersion=27, maxDocumentSize=16777216, logicalSessionTimeoutMinutes=30, roundTripTimeNanos=65720300, minRoundTripTimeNanos=0}
2025-11-11T00:58:50.105+07:00  INFO 23076 --- [user-service] [main] o.s.cloud.commons.util.InetUtils         : Cannot determine local hostname
2025-11-11T00:58:52.397+07:00  INFO 23076 --- [user-service] [main] o.s.cloud.commons.util.InetUtils         : Cannot determine local hostname
2025-11-11T00:58:52.819+07:00  WARN 23076 --- [user-service] [main] c.f.c.c.BeanFactoryAwareFunctionRegistry : Failed to locate function 'busConsumer' for function definition 'busConsumer'. Returning null.
2025-11-11T00:58:52.946+07:00  INFO 23076 --- [user-service] [main] o.s.c.s.m.DirectWithAttributesChannel    : Channel 'user-service.springCloudBusInput' has 1 subscriber(s).
2025-11-11T00:58:54.153+07:00  INFO 23076 --- [user-service] [main] o.s.cloud.commons.util.InetUtils         : Cannot determine local hostname
2025-11-11T00:58:54.165+07:00  INFO 23076 --- [user-service] [main] DiscoveryClientOptionalArgsConfiguration : Eureka HTTP Client uses RestTemplate.
2025-11-11T00:58:54.208+07:00  WARN 23076 --- [user-service] [main] iguration$LoadBalancerCaffeineWarnLogger : Spring Cloud LoadBalancer is currently working with the default cache. While this cache implementation is useful for development and tests, it's recommended to use Caffeine cache in production.You can switch to using Caffeine cache, by adding it and org.springframework.cache.caffeine.CaffeineCacheManager to the classpath.
2025-11-11T00:58:54.216+07:00  INFO 23076 --- [user-service] [main] o.s.b.a.e.web.EndpointLinksResolver      : Exposing 24 endpoints beneath base path '/actuator'
2025-11-11T00:58:54.337+07:00  INFO 23076 --- [user-service] [main] o.s.i.endpoint.EventDrivenConsumer       : Adding {logging-channel-adapter:_org.springframework.integration.errorLogger} as a subscriber to the 'errorChannel' channel
2025-11-11T00:58:54.337+07:00  INFO 23076 --- [user-service] [main] o.s.i.channel.PublishSubscribeChannel    : Channel 'user-service.errorChannel' has 1 subscriber(s).
2025-11-11T00:58:54.338+07:00  INFO 23076 --- [user-service] [main] o.s.i.endpoint.EventDrivenConsumer       : started bean '_org.springframework.integration.errorLogger'
2025-11-11T00:58:54.397+07:00  INFO 23076 --- [user-service] [main] o.s.c.n.eureka.InstanceInfoFactory       : Setting initial instance status as: STARTING
2025-11-11T00:58:54.420+07:00  INFO 23076 --- [user-service] [main] com.netflix.discovery.DiscoveryClient    : Initializing Eureka in region us-east-1
2025-11-11T00:58:54.426+07:00  INFO 23076 --- [user-service] [main] c.n.d.s.r.aws.ConfigClusterResolver      : Resolving eureka endpoints via configuration
2025-11-11T00:58:54.437+07:00  INFO 23076 --- [user-service] [main] com.netflix.discovery.DiscoveryClient    : Disable delta property : false
2025-11-11T00:58:54.437+07:00  INFO 23076 --- [user-service] [main] com.netflix.discovery.DiscoveryClient    : Single vip registry refresh property : null
2025-11-11T00:58:54.437+07:00  INFO 23076 --- [user-service] [main] com.netflix.discovery.DiscoveryClient    : Force full registry fetch : false
2025-11-11T00:58:54.437+07:00  INFO 23076 --- [user-service] [main] com.netflix.discovery.DiscoveryClient    : Application is null : false
2025-11-11T00:58:54.437+07:00  INFO 23076 --- [user-service] [main] com.netflix.discovery.DiscoveryClient    : Registered Applications size is zero : true
2025-11-11T00:58:54.438+07:00  INFO 23076 --- [user-service] [main] com.netflix.discovery.DiscoveryClient    : Application version is -1: true
2025-11-11T00:58:54.438+07:00  INFO 23076 --- [user-service] [main] com.netflix.discovery.DiscoveryClient    : Getting all instance registry info from the eureka server
2025-11-11T00:58:54.946+07:00  INFO 23076 --- [user-service] [main] com.netflix.discovery.DiscoveryClient    : The response status is 200
2025-11-11T00:58:54.947+07:00  INFO 23076 --- [user-service] [main] com.netflix.discovery.DiscoveryClient    : Starting heartbeat executor: renew interval is: 30
2025-11-11T00:58:54.949+07:00  INFO 23076 --- [user-service] [main] c.n.discovery.InstanceInfoReplicator     : InstanceInfoReplicator onDemand update allowed rate per min is 4
2025-11-11T00:58:54.950+07:00  INFO 23076 --- [user-service] [main] com.netflix.discovery.DiscoveryClient    : Discovery Client initialized at timestamp 1762797534950 with initial instances count: 0
2025-11-11T00:58:54.953+07:00  INFO 23076 --- [user-service] [main] o.s.c.n.e.s.EurekaServiceRegistry        : Registering application USER-SERVICE with eureka with status UP
2025-11-11T00:58:54.955+07:00  INFO 23076 --- [user-service] [main] com.netflix.discovery.DiscoveryClient    : Saw local status change event StatusChangeEvent [timestamp=1762797534955, current=UP, previous=STARTING]
2025-11-11T00:58:54.956+07:00  INFO 23076 --- [user-service] [DiscoveryClient-InstanceInfoReplicator-%d] com.netflix.discovery.DiscoveryClient    : DiscoveryClient_USER-SERVICE/localhost:user-service:8082: registering service...
2025-11-11T00:58:54.958+07:00  INFO 23076 --- [user-service] [main] o.s.c.s.binder.DefaultBinderFactory      : Creating binder: rabbit
2025-11-11T00:58:54.958+07:00  INFO 23076 --- [user-service] [main] o.s.c.s.binder.DefaultBinderFactory      : Constructing binder child context for rabbit
2025-11-11T00:58:55.170+07:00  INFO 23076 --- [user-service] [main] o.s.c.s.binder.DefaultBinderFactory      : Caching the binder: rabbit
2025-11-11T00:58:55.206+07:00  INFO 23076 --- [user-service] [main] c.s.b.r.p.RabbitExchangeQueueProvisioner : declaring queue for inbound: springCloudBus.anonymous.BDlwj18_S3-leX_dfBt1VA, bound to: springCloudBus
2025-11-11T00:58:55.214+07:00  INFO 23076 --- [user-service] [DiscoveryClient-InstanceInfoReplicator-%d] com.netflix.discovery.DiscoveryClient    : DiscoveryClient_USER-SERVICE/localhost:user-service:8082 - registration status: 204
2025-11-11T00:58:55.215+07:00  INFO 23076 --- [user-service] [main] o.s.a.r.c.CachingConnectionFactory       : Attempting to connect to: [localhost:5672]
2025-11-11T00:58:55.305+07:00  INFO 23076 --- [user-service] [main] o.s.a.r.c.CachingConnectionFactory       : Created new connection: rabbitConnectionFactory#a319a2e:0/SimpleConnection@3b4cce5a [delegate=amqp://guest@127.0.0.1:5672/, localPort=50260]
2025-11-11T00:58:55.401+07:00  INFO 23076 --- [user-service] [main] o.s.c.stream.binder.BinderErrorChannel   : Channel 'rabbit-1584080449.springCloudBusInput.errors' has 1 subscriber(s).
2025-11-11T00:58:55.402+07:00  INFO 23076 --- [user-service] [main] o.s.c.stream.binder.BinderErrorChannel   : Channel 'rabbit-1584080449.springCloudBusInput.errors' has 2 subscriber(s).
2025-11-11T00:58:55.443+07:00  INFO 23076 --- [user-service] [main] o.s.i.a.i.AmqpInboundChannelAdapter      : started bean 'inbound.springCloudBus.anonymous.BDlwj18_S3-leX_dfBt1VA'
2025-11-11T00:58:55.473+07:00  INFO 23076 --- [user-service] [main] o.s.b.w.embedded.tomcat.TomcatWebServer  : Tomcat started on port 8082 (http) with context path '/'
2025-11-11T00:58:55.476+07:00  INFO 23076 --- [user-service] [main] .s.c.n.e.s.EurekaAutoServiceRegistration : Updating port to 8082
2025-11-11T00:58:56.483+07:00  INFO 23076 --- [user-service] [main] o.s.cloud.commons.util.InetUtils         : Cannot determine local hostname
2025-11-11T00:58:57.487+07:00  INFO 23076 --- [user-service] [main] o.s.cloud.commons.util.InetUtils         : Cannot determine local hostname
2025-11-11T00:58:57.531+07:00  INFO 23076 --- [user-service] [main] com.ecommerce.user.UserApplication       : Started UserApplication in 16.783 seconds (process running for 17.609)
